This is pdfTeX, Version 3.14159265-2.6-1.40.17 (TeX Live 2016) (preloaded format=pdflatex 2018.4.15)  20 APR 2019 12:01
entering extended mode
 restricted \write18 enabled.
 file:line:error style messages enabled.
 %&-line parsing enabled.
**\input Mult_Hitchin_11_18_draft.tex
(./Mult_Hitchin_11_18_draft.tex
(/usr/local/texlive/2016/texmf-dist/tex/latex/amscls/amsart.cls
Document Class: amsart 2015/03/04 v2.20.2
\linespacing=\dimen102
\normalparindent=\dimen103
\normaltopskip=\skip41
(/usr/local/texlive/2016/texmf-dist/tex/latex/amsmath/amsmath.sty
Package: amsmath 2016/11/05 v2.16a AMS math features
\@mathmargin=\skip42

For additional information on amsmath, use the `?' option.
(/usr/local/texlive/2016/texmf-dist/tex/latex/amsmath/amstext.sty
Package: amstext 2000/06/29 v2.01 AMS text

(/usr/local/texlive/2016/texmf-dist/tex/latex/amsmath/amsgen.sty
File: amsgen.sty 1999/11/30 v2.0 generic functions
\@emptytoks=\toks14
\ex@=\dimen104
))
(/usr/local/texlive/2016/texmf-dist/tex/latex/amsmath/amsbsy.sty
Package: amsbsy 1999/11/29 v1.2d Bold Symbols
\pmbraise@=\dimen105
)
(/usr/local/texlive/2016/texmf-dist/tex/latex/amsmath/amsopn.sty
Package: amsopn 2016/03/08 v2.02 operator names
)
\inf@bad=\count79
LaTeX Info: Redefining \frac on input line 213.
\uproot@=\count80
\leftroot@=\count81
LaTeX Info: Redefining \overline on input line 375.
\classnum@=\count82
\DOTSCASE@=\count83
LaTeX Info: Redefining \ldots on input line 472.
LaTeX Info: Redefining \dots on input line 475.
LaTeX Info: Redefining \cdots on input line 596.
\Mathstrutbox@=\box26
\strutbox@=\box27
\big@size=\dimen106
LaTeX Font Info:    Redeclaring font encoding OML on input line 712.
LaTeX Font Info:    Redeclaring font encoding OMS on input line 713.
\macc@depth=\count84
\c@MaxMatrixCols=\count85
\dotsspace@=\muskip10
\c@parentequation=\count86
\dspbrk@lvl=\count87
\tag@help=\toks15
\row@=\count88
\column@=\count89
\maxfields@=\count90
\andhelp@=\toks16
\eqnshift@=\dimen107
\alignsep@=\dimen108
\tagshift@=\dimen109
\tagwidth@=\dimen110
\totwidth@=\dimen111
\lineht@=\dimen112
\@envbody=\toks17
\multlinegap=\skip43
\multlinetaggap=\skip44
\mathdisplay@stack=\toks18
LaTeX Info: Redefining \[ on input line 2817.
LaTeX Info: Redefining \] on input line 2818.
)
LaTeX Font Info:    Try loading font information for U+msa on input line 388.

(/usr/local/texlive/2016/texmf-dist/tex/latex/amsfonts/umsa.fd
File: umsa.fd 2013/01/14 v3.01 AMS symbols A
)
(/usr/local/texlive/2016/texmf-dist/tex/latex/amsfonts/amsfonts.sty
Package: amsfonts 2013/01/14 v3.01 Basic AMSFonts support
\symAMSa=\mathgroup4
\symAMSb=\mathgroup5
LaTeX Font Info:    Overwriting math alphabet `\mathfrak' in version `bold'
(Font)                  U/euf/m/n --> U/euf/b/n on input line 106.
)
\copyins=\insert199
\abstractbox=\box28
\listisep=\skip45
\c@part=\count91
\c@section=\count92
\c@subsection=\count93
\c@subsubsection=\count94
\c@paragraph=\count95
\c@subparagraph=\count96
\c@figure=\count97
\c@table=\count98
\abovecaptionskip=\skip46
\belowcaptionskip=\skip47
\captionindent=\dimen113
\thm@style=\toks19
\thm@bodyfont=\toks20
\thm@headfont=\toks21
\thm@notefont=\toks22
\thm@headpunct=\toks23
\thm@preskip=\skip48
\thm@postskip=\skip49
\thm@headsep=\skip50
\dth@everypar=\toks24
)
(/usr/local/texlive/2016/texmf-dist/tex/latex/amsfonts/amssymb.sty
Package: amssymb 2013/01/14 v3.01 AMS font symbols
)
(/usr/local/texlive/2016/texmf-dist/tex/latex/graphics/color.sty
Package: color 2016/07/10 v1.1e Standard LaTeX Color (DPC)

(/usr/local/texlive/2016/texmf-dist/tex/latex/graphics-cfg/color.cfg
File: color.cfg 2016/01/02 v1.6 sample color configuration
)
Package color Info: Driver file: pdftex.def on input line 147.

(/usr/local/texlive/2016/texmf-dist/tex/latex/graphics-def/pdftex.def
File: pdftex.def 2017/01/12 v0.06k Graphics/color for pdfTeX

(/usr/local/texlive/2016/texmf-dist/tex/generic/oberdiek/infwarerr.sty
Package: infwarerr 2016/05/16 v1.4 Providing info/warning/error messages (HO)
)
(/usr/local/texlive/2016/texmf-dist/tex/generic/oberdiek/ltxcmds.sty
Package: ltxcmds 2016/05/16 v1.23 LaTeX kernel commands for general use (HO)
)
\Gread@gobject=\count99
)
(/usr/local/texlive/2016/texmf-dist/tex/latex/graphics/dvipsnam.def
File: dvipsnam.def 2016/06/17 v3.0m Driver-dependent file (DPC,SPQR)
))
(/usr/local/texlive/2016/texmf-dist/tex/generic/xypic/xy.sty
(/usr/local/texlive/2016/texmf-dist/tex/generic/xypic/xy.tex Bootstrap'ing:
catcodes, docmode,
(/usr/local/texlive/2016/texmf-dist/tex/generic/xypic/xyrecat.tex)
(/usr/local/texlive/2016/texmf-dist/tex/generic/xypic/xyidioms.tex)

 Xy-pic version 3.8.9 <2013/10/06>
 Copyright (c) 1991-2013 by Kristoffer H. Rose <krisrose@tug.org> and others
 Xy-pic is free software: see the User's Guide for details.

Loading kernel: messages; fonts; allocations: state,
\X@c=\dimen114
\Y@c=\dimen115
\U@c=\dimen116
\D@c=\dimen117
\L@c=\dimen118
\R@c=\dimen119
\Edge@c=\toks25
\X@p=\dimen120
\Y@p=\dimen121
\U@p=\dimen122
\D@p=\dimen123
\L@p=\dimen124
\R@p=\dimen125
\Edge@p=\toks26
\X@origin=\dimen126
\Y@origin=\dimen127
\X@xbase=\dimen128
\Y@xbase=\dimen129
\X@ybase=\dimen130
\Y@ybase=\dimen131
\X@min=\dimen132
\Y@min=\dimen133
\X@max=\dimen134
\Y@max=\dimen135
\lastobjectbox@=\box29
\zerodotbox@=\box30
\almostz@=\dimen136
 direction,
\d@X=\dimen137
\d@Y=\dimen138
\K@=\count100
\KK@=\count101
\Direction=\count102
\K@dXdY=\dimen139
\K@dYdX=\dimen140
\xyread@=\read1
\xywrite@=\write3
\csp@=\count103
\quotPTK@=\dimen141

utility macros; pictures: \xy, positions,
\swaptoks@@=\toks27
\connectobjectbox@@=\box31
 objects,
\styletoks@=\toks28
 decorations;
kernel objects: directionals, circles, text; options; algorithms: directions,
edges, connections;  Xy-pic loaded)
(/usr/local/texlive/2016/texmf-dist/tex/generic/oberdiek/ifpdf.sty
Package: ifpdf 2017/03/15 v3.2 Provides the ifpdf switch
)
Package: xy 2013/10/06 Xy-pic version 3.8.9

(/usr/local/texlive/2016/texmf-dist/tex/generic/xypic/xycmtip.tex
 Xy-pic option: Computer Modern tip extension v.3.7
(/usr/local/texlive/2016/texmf-dist/tex/generic/xypic/xytips.tex
 Xy-pic option: More Tips extension v.3.11 loaded) loaded)
(/usr/local/texlive/2016/texmf-dist/tex/generic/xypic/xyall.tex
 Xy-pic option: All features v.3.8
(/usr/local/texlive/2016/texmf-dist/tex/generic/xypic/xycurve.tex
 Xy-pic option: Curve and Spline extension v.3.12 curve,
\crv@cnt@=\count104
\crvpts@=\toks29
\splinebox@=\box32
\splineval@=\dimen142
\splinedepth@=\dimen143
\splinetol@=\dimen144
\splinelength@=\dimen145
 circles,
\L@=\dimen146
 loaded)
(/usr/local/texlive/2016/texmf-dist/tex/generic/xypic/xyframe.tex
 Xy-pic option: Frame and Bracket extension v.3.14 loaded)
(/usr/local/texlive/2016/texmf-dist/tex/generic/xypic/xyline.tex
 Xy-pic option: Line styles extension v.3.10
\xylinethick@=\dimen147
 loaded)
(/usr/local/texlive/2016/texmf-dist/tex/generic/xypic/xyrotate.tex
 Xy-pic option: Rotate and Scale extension v.3.8 loaded)
(/usr/local/texlive/2016/texmf-dist/tex/generic/xypic/xycolor.tex
 Xy-pic option: Colour extension v.3.11 loaded)
(/usr/local/texlive/2016/texmf-dist/tex/generic/xypic/xymatrix.tex
 Xy-pic option: Matrix feature v.3.14
\Row=\count105
\Col=\count106
\queue@=\toks30
\queue@@=\toks31
\qcount@=\count107
\qcount@@=\count108
\matrixsize@=\count109
 loaded)
(/usr/local/texlive/2016/texmf-dist/tex/generic/xypic/xyarrow.tex
 Xy-pic option: Arrow and Path feature v.3.9 path, \ar, loaded)
(/usr/local/texlive/2016/texmf-dist/tex/generic/xypic/xygraph.tex
 Xy-pic option: Graph feature v.3.11 loaded) loaded)
(/usr/local/texlive/2016/texmf-dist/tex/generic/xypic/xypdf.tex
 Xy-pic option: PDF driver v.1.7 Xy-pic pdf driver: `color' extension support
(/usr/local/texlive/2016/texmf-dist/tex/generic/xypic/xypdf-co.tex loaded)
Xy-pic pdf driver: `curve' extension support
(/usr/local/texlive/2016/texmf-dist/tex/generic/xypic/xypdf-cu.tex loaded)
Xy-pic pdf driver: `frame' extension support
(/usr/local/texlive/2016/texmf-dist/tex/generic/xypic/xypdf-fr.tex loaded)
Xy-pic pdf driver: `line' extension support
(/usr/local/texlive/2016/texmf-dist/tex/generic/xypic/xypdf-li.tex loaded)
Xy-pic pdf driver: `rotate' extension support
(/usr/local/texlive/2016/texmf-dist/tex/generic/xypic/xypdf-ro.tex loaded)
loaded)) (/usr/local/texlive/2016/texmf-dist/tex/latex/hyperref/hyperref.sty
Package: hyperref 2017/03/14 v6.85a Hypertext links for LaTeX

(/usr/local/texlive/2016/texmf-dist/tex/generic/oberdiek/hobsub-hyperref.sty
Package: hobsub-hyperref 2016/05/16 v1.14 Bundle oberdiek, subset hyperref (HO)


(/usr/local/texlive/2016/texmf-dist/tex/generic/oberdiek/hobsub-generic.sty
Package: hobsub-generic 2016/05/16 v1.14 Bundle oberdiek, subset generic (HO)
Package: hobsub 2016/05/16 v1.14 Construct package bundles (HO)
Package hobsub Info: Skipping package `infwarerr' (already loaded).
Package hobsub Info: Skipping package `ltxcmds' (already loaded).
Package: ifluatex 2016/05/16 v1.4 Provides the ifluatex switch (HO)
Package ifluatex Info: LuaTeX not detected.
Package: ifvtex 2016/05/16 v1.6 Detect VTeX and its facilities (HO)
Package ifvtex Info: VTeX not detected.
Package: intcalc 2016/05/16 v1.2 Expandable calculations with integers (HO)
Package hobsub Info: Skipping package `ifpdf' (already loaded).
Package: etexcmds 2016/05/16 v1.6 Avoid name clashes with e-TeX commands (HO)
Package etexcmds Info: Could not find \expanded.
(etexcmds)             That can mean that you are not using pdfTeX 1.50 or
(etexcmds)             that some package has redefined \expanded.
(etexcmds)             In the latter case, load this package earlier.
Package: kvsetkeys 2016/05/16 v1.17 Key value parser (HO)
Package: kvdefinekeys 2016/05/16 v1.4 Define keys (HO)
Package: pdftexcmds 2017/03/19 v0.25 Utility functions of pdfTeX for LuaTeX (HO
)
Package pdftexcmds Info: LuaTeX not detected.
Package pdftexcmds Info: \pdf@primitive is available.
Package pdftexcmds Info: \pdf@ifprimitive is available.
Package pdftexcmds Info: \pdfdraftmode found.
Package: pdfescape 2016/05/16 v1.14 Implements pdfTeX's escape features (HO)
Package: bigintcalc 2016/05/16 v1.4 Expandable calculations on big integers (HO
)
Package: bitset 2016/05/16 v1.2 Handle bit-vector datatype (HO)
Package: uniquecounter 2016/05/16 v1.3 Provide unlimited unique counter (HO)
)
Package hobsub Info: Skipping package `hobsub' (already loaded).
Package: letltxmacro 2016/05/16 v1.5 Let assignment for LaTeX macros (HO)
Package: hopatch 2016/05/16 v1.3 Wrapper for package hooks (HO)
Package: xcolor-patch 2016/05/16 xcolor patch
Package: atveryend 2016/05/16 v1.9 Hooks at the very end of document (HO)
Package atveryend Info: \enddocument detected (standard20110627).
Package: atbegshi 2016/06/09 v1.18 At begin shipout hook (HO)
Package: refcount 2016/05/16 v3.5 Data extraction from label references (HO)
Package: hycolor 2016/05/16 v1.8 Color options for hyperref/bookmark (HO)
)
(/usr/local/texlive/2016/texmf-dist/tex/latex/graphics/keyval.sty
Package: keyval 2014/10/28 v1.15 key=value parser (DPC)
\KV@toks@=\toks32
)
(/usr/local/texlive/2016/texmf-dist/tex/generic/ifxetex/ifxetex.sty
Package: ifxetex 2010/09/12 v0.6 Provides ifxetex conditional
)
(/usr/local/texlive/2016/texmf-dist/tex/latex/oberdiek/auxhook.sty
Package: auxhook 2016/05/16 v1.4 Hooks for auxiliary files (HO)
)
(/usr/local/texlive/2016/texmf-dist/tex/latex/oberdiek/kvoptions.sty
Package: kvoptions 2016/05/16 v3.12 Key value format for package options (HO)
)
\@linkdim=\dimen148
\Hy@linkcounter=\count110
\Hy@pagecounter=\count111

(/usr/local/texlive/2016/texmf-dist/tex/latex/hyperref/pd1enc.def
File: pd1enc.def 2017/03/14 v6.85a Hyperref: PDFDocEncoding definition (HO)
)
\Hy@SavedSpaceFactor=\count112

(/usr/local/texlive/2016/texmf-dist/tex/latex/latexconfig/hyperref.cfg
File: hyperref.cfg 2002/06/06 v1.2 hyperref configuration of TeXLive
)
Package hyperref Info: Option `bookmarks' set `true' on input line 4374.
Package hyperref Info: Hyper figures OFF on input line 4498.
Package hyperref Info: Link nesting OFF on input line 4503.
Package hyperref Info: Hyper index ON on input line 4506.
Package hyperref Info: Plain pages OFF on input line 4513.
Package hyperref Info: Backreferencing OFF on input line 4518.
Package hyperref Info: Implicit mode ON; LaTeX internals redefined.
Package hyperref Info: Bookmarks ON on input line 4751.
\c@Hy@tempcnt=\count113

(/usr/local/texlive/2016/texmf-dist/tex/latex/url/url.sty
\Urlmuskip=\muskip11
Package: url 2013/09/16  ver 3.4  Verb mode for urls, etc.
)
LaTeX Info: Redefining \url on input line 5104.
\XeTeXLinkMargin=\dimen149
\Fld@menulength=\count114
\Field@Width=\dimen150
\Fld@charsize=\dimen151
Package hyperref Info: Hyper figures OFF on input line 6358.
Package hyperref Info: Link nesting OFF on input line 6363.
Package hyperref Info: Hyper index ON on input line 6366.
Package hyperref Info: backreferencing OFF on input line 6373.
Package hyperref Info: Link coloring OFF on input line 6378.
Package hyperref Info: Link coloring with OCG OFF on input line 6383.
Package hyperref Info: PDF/A mode OFF on input line 6388.
LaTeX Info: Redefining \ref on input line 6428.
LaTeX Info: Redefining \pageref on input line 6432.
\Hy@abspage=\count115
\c@Item=\count116
\c@Hfootnote=\count117
)

Package hyperref Message: Driver: hpdftex.

(/usr/local/texlive/2016/texmf-dist/tex/latex/hyperref/hpdftex.def
File: hpdftex.def 2017/03/14 v6.85a Hyperref driver for pdfTeX
\Fld@listcount=\count118
\c@bookmark@seq@number=\count119

(/usr/local/texlive/2016/texmf-dist/tex/latex/oberdiek/rerunfilecheck.sty
Package: rerunfilecheck 2016/05/16 v1.8 Rerun checks for auxiliary files (HO)
Package uniquecounter Info: New unique counter `rerunfilecheck' on input line 2
82.
)
\Hy@SectionHShift=\skip51
)
(/usr/local/texlive/2016/texmf-dist/tex/latex/geometry/geometry.sty
Package: geometry 2010/09/12 v5.6 Page Geometry
\Gm@cnth=\count120
\Gm@cntv=\count121
\c@Gm@tempcnt=\count122
\Gm@bindingoffset=\dimen152
\Gm@wd@mp=\dimen153
\Gm@odd@mp=\dimen154
\Gm@even@mp=\dimen155
\Gm@layoutwidth=\dimen156
\Gm@layoutheight=\dimen157
\Gm@layouthoffset=\dimen158
\Gm@layoutvoffset=\dimen159
\Gm@dimlist=\toks33
)
(/usr/local/texlive/2016/texmf-dist/tex/latex/appendix/appendix.sty
Package: appendix 2009/09/02 v1.2b extra appendix facilities
\c@@pps=\count123
\c@@ppsavesec=\count124
\c@@ppsaveapp=\count125
)
\c@definition=\count126

(./Mult_Hitchin_11_18_draft.aux)
\openout1 = `Mult_Hitchin_11_18_draft.aux'.

LaTeX Font Info:    Checking defaults for OML/cmm/m/it on input line 123.
LaTeX Font Info:    ... okay on input line 123.
LaTeX Font Info:    Checking defaults for T1/cmr/m/n on input line 123.
LaTeX Font Info:    ... okay on input line 123.
LaTeX Font Info:    Checking defaults for OT1/cmr/m/n on input line 123.
LaTeX Font Info:    ... okay on input line 123.
LaTeX Font Info:    Checking defaults for OMS/cmsy/m/n on input line 123.
LaTeX Font Info:    ... okay on input line 123.
LaTeX Font Info:    Checking defaults for OMX/cmex/m/n on input line 123.
LaTeX Font Info:    ... okay on input line 123.
LaTeX Font Info:    Checking defaults for U/cmr/m/n on input line 123.
LaTeX Font Info:    ... okay on input line 123.
LaTeX Font Info:    Checking defaults for PD1/pdf/m/n on input line 123.
LaTeX Font Info:    ... okay on input line 123.
LaTeX Font Info:    Try loading font information for U+msa on input line 123.

(/usr/local/texlive/2016/texmf-dist/tex/latex/amsfonts/umsa.fd
File: umsa.fd 2013/01/14 v3.01 AMS symbols A
)
LaTeX Font Info:    Try loading font information for U+msb on input line 123.

(/usr/local/texlive/2016/texmf-dist/tex/latex/amsfonts/umsb.fd
File: umsb.fd 2013/01/14 v3.01 AMS symbols B
)
(/usr/local/texlive/2016/texmf-dist/tex/context/base/mkii/supp-pdf.mkii
[Loading MPS to PDF converter (version 2006.09.02).]
\scratchcounter=\count127
\scratchdimen=\dimen160
\scratchbox=\box33
\nofMPsegments=\count128
\nofMParguments=\count129
\everyMPshowfont=\toks34
\MPscratchCnt=\count130
\MPscratchDim=\dimen161
\MPnumerator=\count131
\makeMPintoPDFobject=\count132
\everyMPtoPDFconversion=\toks35
)
Package xypdf Info: Line width: 0.43799pt on input line 123.
\AtBeginShipoutBox=\box34
Package hyperref Info: Link coloring OFF on input line 123.
 (/usr/local/texlive/2016/texmf-dist/tex/latex/hyperref/nameref.sty
Package: nameref 2016/05/21 v2.44 Cross-referencing by name of section

(/usr/local/texlive/2016/texmf-dist/tex/generic/oberdiek/gettitlestring.sty
Package: gettitlestring 2016/05/16 v1.5 Cleanup title references (HO)
)
\c@section@level=\count133
)
LaTeX Info: Redefining \ref on input line 123.
LaTeX Info: Redefining \pageref on input line 123.
LaTeX Info: Redefining \nameref on input line 123.

(./Mult_Hitchin_11_18_draft.out) (./Mult_Hitchin_11_18_draft.out)
\@outlinefile=\write4
\openout4 = `Mult_Hitchin_11_18_draft.out'.


*geometry* driver: auto-detecting
*geometry* detected driver: pdftex
*geometry* verbose mode - [ preamble ] result:
* driver: pdftex
* paper: <default>
* layout: <same size as paper>
* layoutoffset:(h,v)=(0.0pt,0.0pt)
* modes: 
* h-part:(L,W,R)=(72.26999pt, 469.75502pt, 72.26999pt)
* v-part:(T,H,B)=(72.26999pt, 650.43001pt, 72.26999pt)
* \paperwidth=614.295pt
* \paperheight=794.96999pt
* \textwidth=469.75502pt
* \textheight=650.43001pt
* \oddsidemargin=0.0pt
* \evensidemargin=0.0pt
* \topmargin=-22.0pt
* \headheight=8.0pt
* \headsep=14.0pt
* \topskip=10.0pt
* \footskip=12.0pt
* \marginparwidth=90.0pt
* \marginparsep=11.0pt
* \columnsep=10.0pt
* \skip\footins=7.0pt plus 11.0pt
* \hoffset=0.0pt
* \voffset=0.0pt
* \mag=1000
* \@twocolumnfalse
* \@twosidefalse
* \@mparswitchfalse
* \@reversemarginfalse
* (1in=72.27pt=25.4mm, 1cm=28.453pt)


Class amsart Warning: Abstract should precede \maketitle in AMS document classe
s; reported on input line 126.

LaTeX Font Info:    Try loading font information for U+euf on input line 127.
(/usr/local/texlive/2016/texmf-dist/tex/latex/amsfonts/ueuf.fd
File: ueuf.fd 2013/01/14 v3.01 Euler Fraktur
) [1{/usr/local/texlive/2016/texmf-var/fonts/map/pdftex/updmap/pdftex.map}]

LaTeX Warning: Citation `Arutyunov:1996vy' on page 2 undefined on input line 16
9.


LaTeX Warning: Citation `Arutyunov:1996uw' on page 2 undefined on input line 16
9.


LaTeX Warning: Citation `Chernyakov:2007' on page 2 undefined on input line 170
.


LaTeX Warning: Citation `Braden:2003gf' on page 2 undefined on input line 170.


LaTeX Warning: Citation `HurtubiseMarkman' on page 2 undefined on input line 17
0.


LaTeX Warning: Citation `HurtubiseMarkman1' on page 2 undefined on input line 1
70.


LaTeX Warning: Citation `FrenkelNgo' on page 2 undefined on input line 175.


LaTeX Warning: Citation `Bouthier2' on page 2 undefined on input line 175.


LaTeX Warning: Citation `Bouthier1' on page 2 undefined on input line 175.


Underfull \vbox (badness 10000) has occurred while \output is active []

 [2]

LaTeX Warning: Citation `CherkisKapustin1' on page 3 undefined on input line 19
3.


LaTeX Warning: Citation `CherkisKapustin2' on page 3 undefined on input line 19
3.


LaTeX Warning: Citation `CherkisKapustin3' on page 3 undefined on input line 19
3.


LaTeX Warning: Citation `CharbonneauHurtubise' on page 3 undefined on input lin
e 197.


LaTeX Warning: Citation `Smith' on page 3 undefined on input line 198.


LaTeX Warning: Citation `FoscoloDef' on page 3 undefined on input line 202.


LaTeX Warning: Citation `FoscoloThesis' on page 3 undefined on input line 202.


LaTeX Warning: Citation `Mochizuki' on page 3 undefined on input line 203.


LaTeX Warning: Citation `CherkisKapustin2' on page 3 undefined on input line 21
7.


LaTeX Warning: Citation `CharbonneauHurtubise' on page 3 undefined on input lin
e 218.


LaTeX Warning: Citation `Smith' on page 3 undefined on input line 218.


LaTeX Warning: Citation `NekrasovPestun' on page 3 undefined on input line 218.


[3]

LaTeX Warning: Citation `Shapiro' on page 4 undefined on input line 238.


Overfull \hbox (8.2233pt too wide) in paragraph at lines 240--241
\OT1/cmr/m/n/10.95 the Pois-son struc-ture on $\OMS/cmsy/m/n/10.95 O\OT1/cmr/m/
n/10.95 (\OML/cmm/m/it/10.95 G[]\OT1/cmr/m/n/10.95 [[\OML/cmm/m/it/10.95 z[]\OT
1/cmr/m/n/10.95 ]])$ co-in-cides with the Pois-son bracket on $\OMS/cmsy/m/n/10
.95 O\OT1/cmr/m/n/10.95 ([][]([][]\OML/cmm/m/it/10.95 ; D; ![]\OT1/cmr/m/n/10.9
5 ))$. 
 []


LaTeX Warning: Citation `GKLO' on page 4 undefined on input line 243.


LaTeX Warning: Citation `GKLO' on page 4 undefined on input line 246.


LaTeX Warning: Citation `KWWY' on page 4 undefined on input line 246.


LaTeX Warning: Citation `FKR' on page 4 undefined on input line 246.


LaTeX Warning: Citation `Nekrasov:2009ui' on page 4 undefined on input line 250
.


LaTeX Warning: Citation `Nekrasov:2009rc' on page 4 undefined on input line 250
.


LaTeX Warning: Citation `NekrasovPestun' on page 4 undefined on input line 252.



LaTeX Warning: Citation `NekrasovPestunShatashvili' on page 4 undefined on inpu
t line 252.


LaTeX Warning: Citation `NekrasovPestun' on page 4 undefined on input line 254.



LaTeX Warning: Citation `NekrasovPestun' on page 4 undefined on input line 256.


[4]

LaTeX Warning: Citation `NekrasovPestun' on page 5 undefined on input line 265.



LaTeX Warning: Citation `Laszlo' on page 5 undefined on input line 283.


Package hyperref Warning: Token not allowed in a PDF string (PDFDocEncoding):
(hyperref)                removing `math shift' on input line 294.


Package hyperref Warning: Token not allowed in a PDF string (PDFDocEncoding):
(hyperref)                removing `math shift' on input line 294.


LaTeX Warning: Citation `Butson' on page 5 undefined on input line 296.


LaTeX Warning: Citation `KapustinWitten' on page 5 undefined on input line 304.



LaTeX Warning: Citation `KapustinHolo' on page 5 undefined on input line 304.

[5]

LaTeX Warning: Citation `ToenOverview' on page 6 undefined on input line 307.


LaTeX Warning: Citation `ToenSurvey' on page 6 undefined on input line 307.


LaTeX Warning: Citation `GRvol1' on page 6 undefined on input line 307.


LaTeX Warning: Citation `GRvol2' on page 6 undefined on input line 307.


LaTeX Warning: Citation `PTVV' on page 6 undefined on input line 307.


LaTeX Warning: Citation `Calaque' on page 6 undefined on input line 307.


LaTeX Warning: Citation `AKSZ' on page 6 undefined on input line 307.

[6]

LaTeX Warning: Citation `PestunStringMath' on page 7 undefined on input line 32
3.


Package hyperref Warning: Token not allowed in a PDF string (PDFDocEncoding):
(hyperref)                removing `math shift' on input line 328.


Package hyperref Warning: Token not allowed in a PDF string (PDFDocEncoding):
(hyperref)                removing `math shift' on input line 328.

[7]

LaTeX Warning: Citation `STSSevostyanov' on page 8 undefined on input line 361.



LaTeX Warning: Citation `Sauloy' on page 8 undefined on input line 361.


LaTeX Warning: Citation `Zhu' on page 8 undefined on input line 372.


LaTeX Warning: Citation `Zhu' on page 8 undefined on input line 390.

[8]

LaTeX Warning: Citation `Spaide' on page 9 undefined on input line 407.


LaTeX Warning: Citation `AKSZ' on page 9 undefined on input line 407.


LaTeX Warning: Citation `PTVV' on page 9 undefined on input line 407.


LaTeX Warning: Citation `HurtubiseMarkman' on page 9 undefined on input line 42
0.


LaTeX Warning: Citation `EtingofVarchenko' on page 9 undefined on input line 42
0.


LaTeX Warning: Citation `PTVV' on page 9 undefined on input line 429.


LaTeX Warning: Citation `PTVV' on page 9 undefined on input line 429.

[9]

LaTeX Warning: Citation `HurtubiseMarkman' on page 10 undefined on input line 4
44.


LaTeX Warning: Citation `HurtubiseMarkman' on page 10 undefined on input line 4
60.

[10]

LaTeX Warning: Citation `DonagiGaitsgory' on page 11 undefined on input line 46
7.


LaTeX Warning: Citation `DonagiLectures' on page 11 undefined on input line 467
.


LaTeX Warning: Citation `HurtubiseMarkman' on page 11 undefined on input line 4
67.

<xymatrix 2x2 154>

LaTeX Warning: Citation `DonagiGaitsgory' on page 11 undefined on input line 47
8.

[11]

LaTeX Warning: Citation `DonagiGaitsgory' on page 12 undefined on input line 48
4.


LaTeX Warning: Citation `Steinberg' on page 12 undefined on input line 487.


LaTeX Warning: Citation `Popov' on page 12 undefined on input line 487.


LaTeX Warning: Citation `Smith' on page 12 undefined on input line 491.


LaTeX Warning: Citation `AnchoucheBiswas' on page 12 undefined on input line 49
1.

[12]

LaTeX Warning: Citation `GrothendieckSphere' on page 13 undefined on input line
 506.


LaTeX Warning: Citation `CPTVV' on page 13 undefined on input line 509.


LaTeX Warning: Citation `MelaniSafronov1' on page 13 undefined on input line 50
9.


LaTeX Warning: Citation `MelaniSafronov2' on page 13 undefined on input line 50
9.


LaTeX Warning: Citation `Spaide' on page 13 undefined on input line 509.

<xymatrix 4x4 533> [13]

LaTeX Warning: Citation `Hennion' on page 14 undefined on input line 532.


LaTeX Warning: Citation `Calaque' on page 14 undefined on input line 554.

[14]

LaTeX Warning: Citation `Bouthier2' on page 15 undefined on input line 560.


LaTeX Warning: Citation `GinzburgRozenblyum' on page 15 undefined on input line
 560.


LaTeX Warning: Citation `NekrasovPestun' on page 15 undefined on input line 566
.


LaTeX Warning: Citation `CostelloSH' on page 15 undefined on input line 566.


LaTeX Warning: Citation `ElliottYoo1' on page 15 undefined on input line 566.


LaTeX Warning: Citation `WittenTQFT' on page 15 undefined on input line 570.

[15]

LaTeX Warning: Citation `ElliottSafronov' on page 16 undefined on input line 57
3.


LaTeX Warning: Citation `EagerSaberiWalcher' on page 16 undefined on input line
 573.


LaTeX Warning: Citation `ElliottSafronov' on page 16 undefined on input line 59
0.

[16]

LaTeX Warning: Citation `CostelloSUSY' on page 17 undefined on input line 608.


LaTeX Warning: Citation `ElliottYoo1' on page 17 undefined on input line 608.


LaTeX Warning: Citation `CostelloBook' on page 17 undefined on input line 613.

[17]

LaTeX Warning: Citation `Butson' on page 18 undefined on input line 622.


LaTeX Warning: Citation `Baulieu' on page 18 undefined on input line 625.

[18]

LaTeX Warning: Citation `KapustinHolo' on page 19 undefined on input line 646.


LaTeX Warning: Citation `ElliottYoo1' on page 19 undefined on input line 651.


LaTeX Warning: Citation `QiuZabzine' on page 19 undefined on input line 656.


LaTeX Warning: Citation `CostelloYagi' on page 19 undefined on input line 658.


LaTeX Warning: Citation `NekrasovThesis' on page 19 undefined on input line 660
.


LaTeX Warning: Citation `CostelloYangian' on page 19 undefined on input line 66
1.


LaTeX Warning: Citation `NekrasovStringMath' on page 19 undefined on input line
 661.


LaTeX Warning: Citation `CostelloYagi' on page 19 undefined on input line 661.


LaTeX Warning: Citation `NekrasovPestun' on page 19 undefined on input line 661
.


LaTeX Warning: Citation `NekrasovPestunShatashvili' on page 19 undefined on inp
ut line 661.


LaTeX Warning: Citation `AshwinkumarTanZhao' on page 19 undefined on input line
 661.


LaTeX Warning: Citation `NekrasovThesis' on page 19 undefined on input line 663
.


LaTeX Warning: Citation `CostelloYangian' on page 19 undefined on input line 66
3.


LaTeX Warning: Citation `witten1989' on page 19 undefined on input line 664.


LaTeX Warning: Citation `CostelloYangian' on page 19 undefined on input line 66
5.

[19]

LaTeX Warning: Citation `KapustinWitten' on page 20 undefined on input line 669
.


LaTeX Warning: Citation `Witten6d' on page 20 undefined on input line 669.


LaTeX Warning: Citation `KapustinHolo' on page 20 undefined on input line 671.


LaTeX Warning: Citation `CostelloSUSY' on page 20 undefined on input line 671.


LaTeX Warning: Citation `ElliottYoo1' on page 20 undefined on input line 671.


LaTeX Warning: Citation `FrenkelReshetikhinSTS' on page 20 undefined on input l
ine 686.


LaTeX Warning: Citation `STSSevostyanov' on page 20 undefined on input line 686
.


LaTeX Warning: Citation `ArinkinGaitsgory' on page 20 undefined on input line 6
90.


LaTeX Warning: Citation `ElliottYoo2' on page 20 undefined on input line 690.

[20]

LaTeX Warning: Citation `PolishchukRothstein' on page 21 undefined on input lin
e 719.


LaTeX Warning: Citation `DonagiPantev' on page 21 undefined on input line 722.

[21] <xymatrix 2x2 182>
Overfull \hbox (1.30017pt too wide) in paragraph at lines 741--743
\OT1/cmr/m/n/10.95 where $[]([])$ acts si-mul-ta-ne-ously on $[]$ and on the ci
r-cle $\OML/cmm/m/it/10.95 S[]$\OT1/cmr/m/n/10.95 , un-der the iden-ti-fi-ca-ti
on $[][](\OML/cmm/m/it/10.95 E\OT1/cmr/m/n/10.95 ) =
 []


LaTeX Warning: Citation `CharbonneauHurtubise' on page 22 undefined on input li
ne 747.


LaTeX Warning: Citation `Smith' on page 22 undefined on input line 747.

[22]

LaTeX Warning: Citation `CharbonneauHurtubise' on page 23 undefined on input li
ne 775.


LaTeX Warning: Citation `Smith' on page 23 undefined on input line 775.


LaTeX Warning: Citation `CharbonneauHurtubise' on page 23 undefined on input li
ne 779.


LaTeX Warning: Citation `Pauly' on page 23 undefined on input line 787.


LaTeX Warning: Citation `CharbonneauHurtubise' on page 23 undefined on input li
ne 789.


LaTeX Warning: Citation `Smith' on page 23 undefined on input line 789.


LaTeX Warning: Citation `CherkisKapustin2' on page 23 undefined on input line 7
89.

[23]

LaTeX Warning: Citation `CharbonneauHurtubise' on page 24 undefined on input li
ne 798.


LaTeX Warning: Citation `FoscoloDef' on page 24 undefined on input line 804.


LaTeX Warning: Citation `CherkisKapustin1' on page 24 undefined on input line 8
04.


LaTeX Warning: Citation `CherkisKapustin2' on page 24 undefined on input line 8
04.

[24]

LaTeX Warning: Citation `Smith' on page 25 undefined on input line 836.


LaTeX Warning: Citation `FoscoloDef' on page 25 undefined on input line 847.


LaTeX Warning: Citation `FoscoloGluing' on page 25 undefined on input line 847.



LaTeX Warning: Citation `Mochizuki' on page 25 undefined on input line 849.


LaTeX Warning: Citation `FoscoloDef' on page 25 undefined on input line 857.

[25]

LaTeX Warning: Citation `FoscoloDef' on page 26 undefined on input line 861.

<xymatrix 3x1 98>

LaTeX Warning: Citation `FoscoloDef' on page 26 undefined on input line 890.


LaTeX Warning: Citation `Bottacin' on page 26 undefined on input line 896.


LaTeX Warning: Citation `HurtubiseMarkman' on page 26 undefined on input line 8
96.

[26]

LaTeX Warning: Citation `HurtubiseMarkman' on page 27 undefined on input line 9
04.


LaTeX Warning: Citation `Bottacin' on page 27 undefined on input line 927.


LaTeX Warning: Citation `HurtubiseMarkman' on page 27 undefined on input line 9
32.


LaTeX Warning: Citation `HurtubiseMarkman' on page 27 undefined on input line 9
41.


LaTeX Warning: Citation `CharbonneauHurtubise' on page 27 undefined on input li
ne 941.

[27] [28]

Package hyperref Warning: Token not allowed in a PDF string (PDFDocEncoding):
(hyperref)                removing `math shift' on input line 1032.


Package hyperref Warning: Token not allowed in a PDF string (PDFDocEncoding):
(hyperref)                removing `subscript' on input line 1032.


Package hyperref Warning: Token not allowed in a PDF string (PDFDocEncoding):
(hyperref)                removing `math shift' on input line 1032.

[29] [30]

LaTeX Warning: Citation `FrassekPestun' on page 31 undefined on input line 1143
.

[31]

Package hyperref Warning: Token not allowed in a PDF string (PDFDocEncoding):
(hyperref)                removing `math shift' on input line 1146.


Package hyperref Warning: Token not allowed in a PDF string (PDFDocEncoding):
(hyperref)                removing `math shift' on input line 1146.


LaTeX Warning: Citation `CherkisKapustin1' on page 32 undefined on input line 1
146.


LaTeX Warning: Citation `CherkisKapustin3' on page 32 undefined on input line 1
146.


Overfull \hbox (7.22888pt too wide) detected at line 1180
\OML/cmm/m/it/10.95 !\OT1/cmr/m/n/10.95 ((\OMS/cmsy/m/n/10.95 f\OML/cmm/m/it/10
.95 []\OMS/cmsy/m/n/10.95 g\OML/cmm/m/it/10.95 ; \OMS/cmsy/m/n/10.95 f\OML/cmm
/m/it/10.95 ^^L[]\OMS/cmsy/m/n/10.95 g\OT1/cmr/m/n/10.95 )\OML/cmm/m/it/10.95 ;
 \OT1/cmr/m/n/10.95 (\OMS/cmsy/m/n/10.95 f\OML/cmm/m/it/10.95 []\OMS/cmsy/m/n/
10.95 g\OML/cmm/m/it/10.95 ; \OMS/cmsy/m/n/10.95 f\OML/cmm/m/it/10.95 ^^L[]\OMS
/cmsy/m/n/10.95 g\OT1/cmr/m/n/10.95 )) = [] []\OMS/cmsy/m/n/10.95 h\OML/cmm/m/i
t/10.95 ^^Z[]\OT1/cmr/m/n/10.95 (\OML/cmm/m/it/10.95 [] \OT1/cmr/m/n/10.95 + \
OML/cmm/m/it/10.95 []\OT1/cmr/m/n/10.95 )\OMS/cmsy/m/n/10.95 j[]\OML/cmm/m/it/
10.95 ; ^^Z[]\OT1/cmr/m/n/10.95 ([][])[](\OML/cmm/m/it/10.95 ^^L[]\OT1/cmr/m/n/
10.95 )\OMS/cmsy/m/n/10.95 i ^^@ h\OML/cmm/m/it/10.95 ^^Z[]\OT1/cmr/m/n/10.95 (
\OML/cmm/m/it/10.95 [] \OT1/cmr/m/n/10.95 + \OML/cmm/m/it/10.95 []\OT1/cmr/m/
n/10.95 )\OMS/cmsy/m/n/10.95 j[]\OML/cmm/m/it/10.95 ; ^^Z[]\OT1/cmr/m/n/10.95 (
[][])[](\OML/cmm/m/it/10.95 ^^L[]\OT1/cmr/m/n/10.95 )\OMS/cmsy/m/n/10.95 i\OML/
cmm/m/it/10.95 ;
 []

[32] <xymatrix 3x2 292>

LaTeX Warning: Citation `HurtubiseMarkman' on page 33 undefined on input line 1
197.


LaTeX Warning: Citation `HurtubiseMarkman' on page 33 undefined on input line 1
206.

[33] [34] [35]

LaTeX Warning: Citation `AtiyahHitchin' on page 36 undefined on input line 1309
.


LaTeX Warning: Citation `CherkisKapustin3' on page 36 undefined on input line 1
309.


LaTeX Warning: Citation `FoscoloDef' on page 36 undefined on input line 1309.

[36]

LaTeX Warning: Citation `FoscoloThesis' on page 37 undefined on input line 1322
.

[37] [38]

LaTeX Warning: Citation `DonaldsonKronheimer' on page 39 undefined on input lin
e 1379.


LaTeX Warning: Citation `CherkisKapustin2' on page 39 undefined on input line 1
379.


LaTeX Warning: Citation `CherkisKapustin2' on page 39 undefined on input line 1
379.

[39]

LaTeX Warning: Citation `NekrasovPestun' on page 40 undefined on input line 138
1.


LaTeX Warning: Citation `GaiottoTBA' on page 40 undefined on input line 1392.


LaTeX Warning: Citation `HurtubiseMarkman' on page 40 undefined on input line 1
396.


LaTeX Warning: Citation `Shapiro' on page 40 undefined on input line 1400.


LaTeX Warning: Citation `Williams' on page 40 undefined on input line 1400.

[40]

LaTeX Warning: Citation `Shapiro' on page 41 undefined on input line 1424.


LaTeX Warning: Citation `DrinfeldQuantum1' on page 41 undefined on input line 1
429.

[41]

LaTeX Warning: Citation `EtingofKazhdanIII' on page 42 undefined on input line 
1437.


LaTeX Warning: Citation `ChariPressley' on page 42 undefined on input line 1437
.


LaTeX Warning: Citation `CostelloYangian' on page 42 undefined on input line 14
37.


LaTeX Warning: Citation `KontsevichQuantization' on page 42 undefined on input 
line 1439.


LaTeX Warning: Citation `GKLO' on page 42 undefined on input line 1445.


LaTeX Warning: Citation `GKL' on page 42 undefined on input line 1445.


LaTeX Warning: Citation `Shapiro' on page 42 undefined on input line 1453.


LaTeX Warning: Citation `Jarvis' on page 42 undefined on input line 1453.

[42]

LaTeX Warning: Citation `BezrukavnikovFinkelbergI' on page 43 undefined on inpu
t line 1455.


LaTeX Warning: Citation `BravermanICM' on page 43 undefined on input line 1455.



LaTeX Warning: Citation `KWWY' on page 43 undefined on input line 1462.


LaTeX Warning: Citation `NekrasovPestun' on page 43 undefined on input line 146
6.


LaTeX Warning: Citation `MukhinVarchenko' on page 43 undefined on input line 14
70.


LaTeX Warning: Citation `BDHitchin' on page 43 undefined on input line 1470.


LaTeX Warning: Citation `Knight' on page 43 undefined on input line 1472.


LaTeX Warning: Citation `STSSevostyanov' on page 43 undefined on input line 147
2.


LaTeX Warning: Citation `Sevostyanov' on page 43 undefined on input line 1472.


LaTeX Warning: Citation `AFO' on page 43 undefined on input line 1472.


LaTeX Warning: Citation `AvanFrappatRagoucy' on page 43 undefined on input line
 1472.


LaTeX Warning: Citation `PestunStringMath' on page 43 undefined on input line 1
472.

[43]

Package hyperref Warning: Token not allowed in a PDF string (PDFDocEncoding):
(hyperref)                removing `math shift' on input line 1475.


Package hyperref Warning: Token not allowed in a PDF string (PDFDocEncoding):
(hyperref)                removing `math shift' on input line 1475.


Package hyperref Warning: Token not allowed in a PDF string (PDFDocEncoding):
(hyperref)                removing `math shift' on input line 1475.


Package hyperref Warning: Token not allowed in a PDF string (PDFDocEncoding):
(hyperref)                removing `math shift' on input line 1475.


LaTeX Warning: Citation `NekrasovPestunShatashvili' on page 44 undefined on inp
ut line 1477.


LaTeX Warning: Citation `Kimura:2015rgi' on page 44 undefined on input line 147
7.


LaTeX Warning: Citation `Nekrasov:2015wsu' on page 44 undefined on input line 1
477.


LaTeX Warning: Citation `FrenkelReshetikhinSTS' on page 44 undefined on input l
ine 1477.


LaTeX Warning: Citation `FrenkelReshetikhin2' on page 44 undefined on input lin
e 1477.


LaTeX Warning: Citation `FrenkelReshetikhin1' on page 44 undefined on input lin
e 1477.


LaTeX Warning: Citation `Sevostyanov' on page 44 undefined on input line 1477.


LaTeX Warning: Citation `STSSevostyanov' on page 44 undefined on input line 147
7.


LaTeX Warning: Citation `Sevostyanov1' on page 44 undefined on input line 1477.



LaTeX Warning: Citation `Steinberg' on page 44 undefined on input line 1477.


LaTeX Warning: Citation `Steinberg' on page 44 undefined on input line 1486.

[44]

LaTeX Warning: Citation `Knight' on page 45 undefined on input line 1534.


LaTeX Warning: Citation `NekrasovPestun' on page 45 undefined on input line 153
7.


LaTeX Warning: Citation `NekrasovPestunShatashvili' on page 45 undefined on inp
ut line 1537.


LaTeX Warning: Citation `Nekrasov:2015wsu' on page 45 undefined on input line 1
537.


LaTeX Warning: Citation `Kimura:2015rgi' on page 45 undefined on input line 153
7.

[45]

LaTeX Warning: Citation `NekrasovPestun' on page 46 undefined on input line 154
4.


LaTeX Warning: Citation `NekrasovPestunShatashvili' on page 46 undefined on inp
ut line 1544.


LaTeX Warning: Citation `FrenkelReshetikhin2' on page 46 undefined on input lin
e 1545.


LaTeX Warning: Citation `FrenkelReshetikhinSTS' on page 46 undefined on input l
ine 1545.


LaTeX Warning: Citation `FrenkelReshetikhin1' on page 46 undefined on input lin
e 1545.


LaTeX Warning: Citation `Frenkel2001' on page 46 undefined on input line 1545.

[46]

LaTeX Warning: Citation `Nekrasov:2015wsu' on page 47 undefined on input line 1
621.


LaTeX Warning: Citation `NekrasovPestunShatashvili' on page 47 undefined on inp
ut line 1621.


LaTeX Warning: Citation `NekrasovPestun' on page 47 undefined on input line 162
1.


LaTeX Warning: Citation `Kimura:2015rgi' on page 47 undefined on input line 162
1.

[47]

LaTeX Warning: Citation `FrenkelReshetikhin1' on page 48 undefined on input lin
e 1628.


LaTeX Warning: Citation `FrenkelReshetikhin2' on page 48 undefined on input lin
e 1628.


LaTeX Warning: Citation `NekrasovPestunShatashvili' on page 48 undefined on inp
ut line 1628.


LaTeX Warning: Citation `Nekrasov:2015wsu' on page 48 undefined on input line 1
628.


LaTeX Warning: Citation `NekrasovPestun' on page 48 undefined on input line 162
8.


LaTeX Warning: Citation `Kimura:2015rgi' on page 48 undefined on input line 162
8.


LaTeX Warning: Citation `KoroteevSageZeitlin' on page 48 undefined on input lin
e 1634.


LaTeX Warning: Citation `NekrasovPestunShatashvili' on page 48 undefined on inp
ut line 1637.


LaTeX Warning: Citation `ChenDoreyHollowoodLee' on page 48 undefined on input l
ine 1637.


LaTeX Warning: Citation `DoreyHollowoodLee' on page 48 undefined on input line 
1637.


Package hyperref Warning: Token not allowed in a PDF string (PDFDocEncoding):
(hyperref)                removing `math shift' on input line 1641.


Package hyperref Warning: Token not allowed in a PDF string (PDFDocEncoding):
(hyperref)                removing `math shift' on input line 1641.


Package hyperref Warning: Token not allowed in a PDF string (PDFDocEncoding):
(hyperref)                removing `math shift' on input line 1641.


Package hyperref Warning: Token not allowed in a PDF string (PDFDocEncoding):
(hyperref)                removing `math shift' on input line 1641.


Underfull \vbox (badness 5637) has occurred while \output is active []

 [48]
Overfull \hbox (29.72763pt too wide) in paragraph at lines 1686--1686
[] 
 []


Underfull \vbox (badness 10000) has occurred while \output is active []

 [49]
Overfull \hbox (30.22444pt too wide) in paragraph at lines 1706--1706
[] 
 []


Underfull \vbox (badness 10000) has occurred while \output is active []

 [50]

LaTeX Warning: Citation `NekrasovPestunShatashvili' on page 51 undefined on inp
ut line 1716.


LaTeX Warning: Citation `Nekrasov:2015wsu' on page 51 undefined on input line 1
716.

No file Mult_Hitchin_11_18_draft.bbl.
[51]
Package atveryend Info: Empty hook `BeforeClearDocument' on input line 1729.
 [52]
Package atveryend Info: Empty hook `AfterLastShipout' on input line 1729.
 (./Mult_Hitchin_11_18_draft.aux)
Package atveryend Info: Executing hook `AtVeryEndDocument' on input line 1729.
Package atveryend Info: Executing hook `AtEndAfterFileList' on input line 1729.

Package rerunfilecheck Info: File `Mult_Hitchin_11_18_draft.out' has not change
d.
(rerunfilecheck)             Checksum: FC9EF3DABFEEAF77B3100B7D91021E48;2022.


LaTeX Warning: There were undefined references.


LaTeX Warning: Label(s) may have changed. Rerun to get cross-references right.

Package atveryend Info: Empty hook `AtVeryVeryEnd' on input line 1729.
 ) 
Here is how much of TeX's memory you used:
 10178 strings out of 493013
 138056 string characters out of 6133343
 299946 words of memory out of 5000000
 13210 multiletter control sequences out of 15000+600000
 17646 words of font info for 70 fonts, out of 8000000 for 9000
 1302 hyphenation exceptions out of 8191
 34i,19n,32p,3312b,541s stack positions out of 5000i,500n,10000p,200000b,80000s
pdfTeX warning (dest): name{definition.8.8} has been referenced but does not 
exist, replaced by a fixed one

</usr/local/texlive/2016/texmf-dist/fonts/type1/public/amsfonts/cm/cmbx10.pfb><
/usr/local/texlive/2016/texmf-dist/fonts/type1/public/amsfonts/cm/cmbx9.pfb></u
sr/local/texlive/2016/texmf-dist/fonts/type1/public/amsfonts/cm/cmcsc10.pfb></u
sr/local/texlive/2016/texmf-dist/fonts/type1/public/amsfonts/cm/cmex10.pfb></us
r/local/texlive/2016/texmf-dist/fonts/type1/public/amsfonts/cmextra/cmex8.pfb><
/usr/local/texlive/2016/texmf-dist/fonts/type1/public/amsfonts/cm/cmmi10.pfb></
usr/local/texlive/2016/texmf-dist/fonts/type1/public/amsfonts/cm/cmmi6.pfb></us
r/local/texlive/2016/texmf-dist/fonts/type1/public/amsfonts/cm/cmmi8.pfb></usr/
local/texlive/2016/texmf-dist/fonts/type1/public/amsfonts/cm/cmmi9.pfb></usr/lo
cal/texlive/2016/texmf-dist/fonts/type1/public/amsfonts/cm/cmmib10.pfb></usr/lo
cal/texlive/2016/texmf-dist/fonts/type1/public/amsfonts/cmextra/cmmib8.pfb></us
r/local/texlive/2016/texmf-dist/fonts/type1/public/amsfonts/cm/cmr10.pfb></usr/
local/texlive/2016/texmf-dist/fonts/type1/public/amsfonts/cm/cmr6.pfb></usr/loc
al/texlive/2016/texmf-dist/fonts/type1/public/amsfonts/cm/cmr8.pfb></usr/local/
texlive/2016/texmf-dist/fonts/type1/public/amsfonts/cm/cmr9.pfb></usr/local/tex
live/2016/texmf-dist/fonts/type1/public/amsfonts/cm/cmsy10.pfb></usr/local/texl
ive/2016/texmf-dist/fonts/type1/public/amsfonts/cm/cmsy6.pfb></usr/local/texliv
e/2016/texmf-dist/fonts/type1/public/amsfonts/cm/cmsy8.pfb></usr/local/texlive/
2016/texmf-dist/fonts/type1/public/amsfonts/cm/cmti10.pfb></usr/local/texlive/2
016/texmf-dist/fonts/type1/public/amsfonts/cm/cmti9.pfb></usr/local/texlive/201
6/texmf-dist/fonts/type1/public/amsfonts/cm/cmtt10.pfb></usr/local/texlive/2016
/texmf-dist/fonts/type1/public/amsfonts/euler/eufm10.pfb></usr/local/texlive/20
16/texmf-dist/fonts/type1/public/amsfonts/symbols/msam10.pfb></usr/local/texliv
e/2016/texmf-dist/fonts/type1/public/amsfonts/symbols/msbm10.pfb></usr/local/te
xlive/2016/texmf-dist/fonts/type1/public/amsfonts/symbols/msbm7.pfb></usr/local
/texlive/2016/texmf-dist/fonts/type1/public/xypic/xycmat10.pfb></usr/local/texl
ive/2016/texmf-dist/fonts/type1/public/xypic/xycmbt10.pfb>
Output written on Mult_Hitchin_11_18_draft.pdf (52 pages, 548862 bytes).
PDF statistics:
 692 PDF objects out of 1000 (max. 8388607)
 604 compressed objects within 7 object streams
 214 named destinations out of 1000 (max. 500000)
 209 words of extra memory for PDF output out of 10000 (max. 10000000)

