\BOOKMARK [1][-]{section.1}{Introduction}{}% 1
\BOOKMARK [2][-]{subsection.1.1}{Outline of the Paper}{section.1}% 2
\BOOKMARK [2][-]{subsection.1.2}{Acknowledgements}{section.1}% 3
\BOOKMARK [1][-]{section.2}{Multiplicative Higgs Bundles and q-Connections}{}% 4
\BOOKMARK [2][-]{subsection.2.1}{Residue Conditions}{section.2}% 5
\BOOKMARK [2][-]{subsection.2.2}{The Multiplicative Hitchin System}{section.2}% 6
\BOOKMARK [2][-]{subsection.2.3}{Stability Conditions}{section.2}% 7
\BOOKMARK [2][-]{subsection.2.4}{Poisson Structures from Derived Geometry}{section.2}% 8
\BOOKMARK [1][-]{section.3}{Twisted Gauge Theory}{}% 9
\BOOKMARK [2][-]{subsection.3.1}{Background on Supersymmetry and Twisting}{section.3}% 10
\BOOKMARK [2][-]{subsection.3.2}{Description of the Twist}{section.3}% 11
\BOOKMARK [2][-]{subsection.3.3}{Langlands Duality}{section.3}% 12
\BOOKMARK [3][-]{subsubsection.3.3.1}{The Abelian Case}{subsection.3.3}% 13
\BOOKMARK [3][-]{subsubsection.3.3.2}{The Classical Case}{subsection.3.3}% 14
\BOOKMARK [3][-]{subsubsection.3.3.3}{The Rational Type A Case}{subsection.3.3}% 15
\BOOKMARK [1][-]{section.4}{Periodic Monopoles}{}% 16
\BOOKMARK [2][-]{subsection.4.1}{Deformation Theory}{section.4}% 17
\BOOKMARK [1][-]{section.5}{Symplectic Structures}{}% 18
\BOOKMARK [2][-]{subsection.5.1}{The Example of GL2}{section.5}% 19
\BOOKMARK [2][-]{subsection.5.2}{Symplectic Structures for General G}{section.5}% 20
\BOOKMARK [1][-]{section.6}{Hyperk\344hler Structures}{}% 21
\BOOKMARK [1][-]{section.7}{The Rational Poisson Lie Group and the Yangian}{}% 22
