This is pdfTeX, Version 3.14159265-2.6-1.40.16 (TeX Live 2015/Debian) (preloaded format=pdflatex 2018.10.17)  4 FEB 2019 18:35
entering extended mode
 restricted \write18 enabled.
 %&-line parsing enabled.
**Mult_Hitchin_selecta.tex
(./Mult_Hitchin_selecta.tex
LaTeX2e <2016/02/01>
Babel <3.9q> and hyphenation patterns for 5 language(s) loaded.
(/usr/share/texlive/texmf-dist/tex/latex/amscls/amsart.cls
Document Class: amsart 2015/03/04 v2.20.2
\linespacing=\dimen102
\normalparindent=\dimen103
\normaltopskip=\skip41
(/usr/share/texlive/texmf-dist/tex/latex/amsmath/amsmath.sty
Package: amsmath 2016/03/03 v2.15a AMS math features
\@mathmargin=\skip42

For additional information on amsmath, use the `?' option.
(/usr/share/texlive/texmf-dist/tex/latex/amsmath/amstext.sty
Package: amstext 2000/06/29 v2.01 AMS text

(/usr/share/texlive/texmf-dist/tex/latex/amsmath/amsgen.sty
File: amsgen.sty 1999/11/30 v2.0 generic functions
\@emptytoks=\toks14
\ex@=\dimen104
))
(/usr/share/texlive/texmf-dist/tex/latex/amsmath/amsbsy.sty
Package: amsbsy 1999/11/29 v1.2d Bold Symbols
\pmbraise@=\dimen105
)
(/usr/share/texlive/texmf-dist/tex/latex/amsmath/amsopn.sty
Package: amsopn 1999/12/14 v2.01 operator names
)
\inf@bad=\count79
LaTeX Info: Redefining \frac on input line 199.
\uproot@=\count80
\leftroot@=\count81
LaTeX Info: Redefining \overline on input line 297.
\classnum@=\count82
\DOTSCASE@=\count83
LaTeX Info: Redefining \ldots on input line 394.
LaTeX Info: Redefining \dots on input line 397.
LaTeX Info: Redefining \cdots on input line 518.
\Mathstrutbox@=\box26
\strutbox@=\box27
\big@size=\dimen106
LaTeX Font Info:    Redeclaring font encoding OML on input line 630.
LaTeX Font Info:    Redeclaring font encoding OMS on input line 631.
\macc@depth=\count84
\c@MaxMatrixCols=\count85
\dotsspace@=\muskip10
\c@parentequation=\count86
\dspbrk@lvl=\count87
\tag@help=\toks15
\row@=\count88
\column@=\count89
\maxfields@=\count90
\andhelp@=\toks16
\eqnshift@=\dimen107
\alignsep@=\dimen108
\tagshift@=\dimen109
\tagwidth@=\dimen110
\totwidth@=\dimen111
\lineht@=\dimen112
\@envbody=\toks17
\multlinegap=\skip43
\multlinetaggap=\skip44
\mathdisplay@stack=\toks18
LaTeX Info: Redefining \[ on input line 2735.
LaTeX Info: Redefining \] on input line 2736.
)
LaTeX Font Info:    Try loading font information for U+msa on input line 388.

(/usr/share/texlive/texmf-dist/tex/latex/amsfonts/umsa.fd
File: umsa.fd 2013/01/14 v3.01 AMS symbols A
)
(/usr/share/texlive/texmf-dist/tex/latex/amsfonts/amsfonts.sty
Package: amsfonts 2013/01/14 v3.01 Basic AMSFonts support
\symAMSa=\mathgroup4
\symAMSb=\mathgroup5
LaTeX Font Info:    Overwriting math alphabet `\mathfrak' in version `bold'
(Font)                  U/euf/m/n --> U/euf/b/n on input line 106.
)
\copyins=\insert199
\abstractbox=\box28
\listisep=\skip45
\c@part=\count91
\c@section=\count92
\c@subsection=\count93
\c@subsubsection=\count94
\c@paragraph=\count95
\c@subparagraph=\count96
\c@figure=\count97
\c@table=\count98
\abovecaptionskip=\skip46
\belowcaptionskip=\skip47
\captionindent=\dimen113
\thm@style=\toks19
\thm@bodyfont=\toks20
\thm@headfont=\toks21
\thm@notefont=\toks22
\thm@headpunct=\toks23
\thm@preskip=\skip48
\thm@postskip=\skip49
\thm@headsep=\skip50
\dth@everypar=\toks24
)
(/usr/share/texlive/texmf-dist/tex/latex/amsfonts/amssymb.sty
Package: amssymb 2013/01/14 v3.01 AMS font symbols
)
(/usr/share/texlive/texmf-dist/tex/latex/graphics/color.sty
Package: color 2016/01/03 v1.1b Standard LaTeX Color (DPC)

(/usr/share/texlive/texmf-dist/tex/latex/latexconfig/color.cfg
File: color.cfg 2007/01/18 v1.5 color configuration of teTeX/TeXLive
)
Package color Info: Driver file: pdftex.def on input line 143.

(/usr/share/texlive/texmf-dist/tex/latex/pdftex-def/pdftex.def
File: pdftex.def 2011/05/27 v0.06d Graphics/color for pdfTeX

(/usr/share/texlive/texmf-dist/tex/generic/oberdiek/infwarerr.sty
Package: infwarerr 2010/04/08 v1.3 Providing info/warning/error messages (HO)
)
(/usr/share/texlive/texmf-dist/tex/generic/oberdiek/ltxcmds.sty
Package: ltxcmds 2011/11/09 v1.22 LaTeX kernel commands for general use (HO)
)
\Gread@gobject=\count99
)
(/usr/share/texlive/texmf-dist/tex/latex/graphics/dvipsnam.def
File: dvipsnam.def 2015/12/30 v3.0k Driver-dependent file (DPC,SPQR)
))
(/usr/share/texlive/texmf-dist/tex/generic/xypic/xy.sty
(/usr/share/texlive/texmf-dist/tex/generic/xypic/xy.tex Bootstrap'ing:
catcodes, docmode, (/usr/share/texlive/texmf-dist/tex/generic/xypic/xyrecat.tex
) (/usr/share/texlive/texmf-dist/tex/generic/xypic/xyidioms.tex)

 Xy-pic version 3.8.9 <2013/10/06>
 Copyright (c) 1991-2013 by Kristoffer H. Rose <krisrose@tug.org> and others
 Xy-pic is free software: see the User's Guide for details.

Loading kernel: messages; fonts; allocations: state,
\X@c=\dimen114
\Y@c=\dimen115
\U@c=\dimen116
\D@c=\dimen117
\L@c=\dimen118
\R@c=\dimen119
\Edge@c=\toks25
\X@p=\dimen120
\Y@p=\dimen121
\U@p=\dimen122
\D@p=\dimen123
\L@p=\dimen124
\R@p=\dimen125
\Edge@p=\toks26
\X@origin=\dimen126
\Y@origin=\dimen127
\X@xbase=\dimen128
\Y@xbase=\dimen129
\X@ybase=\dimen130
\Y@ybase=\dimen131
\X@min=\dimen132
\Y@min=\dimen133
\X@max=\dimen134
\Y@max=\dimen135
\lastobjectbox@=\box29
\zerodotbox@=\box30
\almostz@=\dimen136
 direction,
\d@X=\dimen137
\d@Y=\dimen138
\K@=\count100
\KK@=\count101
\Direction=\count102
\K@dXdY=\dimen139
\K@dYdX=\dimen140
\xyread@=\read1
\xywrite@=\write3
\csp@=\count103
\quotPTK@=\dimen141

utility macros; pictures: \xy, positions,
\swaptoks@@=\toks27
\connectobjectbox@@=\box31
 objects,
\styletoks@=\toks28
 decorations;
kernel objects: directionals, circles, text; options; algorithms: directions,
edges, connections;  Xy-pic loaded)
(/usr/share/texlive/texmf-dist/tex/generic/oberdiek/ifpdf.sty
Package: ifpdf 2011/01/30 v2.3 Provides the ifpdf switch (HO)
Package ifpdf Info: pdfTeX in PDF mode is detected.
)
Package: xy 2013/10/06 Xy-pic version 3.8.9

(/usr/share/texlive/texmf-dist/tex/generic/xypic/xycmtip.tex
 Xy-pic option: Computer Modern tip extension v.3.7
(/usr/share/texlive/texmf-dist/tex/generic/xypic/xytips.tex
 Xy-pic option: More Tips extension v.3.11 loaded) loaded)
(/usr/share/texlive/texmf-dist/tex/generic/xypic/xyall.tex
 Xy-pic option: All features v.3.8
(/usr/share/texlive/texmf-dist/tex/generic/xypic/xycurve.tex
 Xy-pic option: Curve and Spline extension v.3.12 curve,
\crv@cnt@=\count104
\crvpts@=\toks29
\splinebox@=\box32
\splineval@=\dimen142
\splinedepth@=\dimen143
\splinetol@=\dimen144
\splinelength@=\dimen145
 circles,
\L@=\dimen146
 loaded)
(/usr/share/texlive/texmf-dist/tex/generic/xypic/xyframe.tex
 Xy-pic option: Frame and Bracket extension v.3.14 loaded)
(/usr/share/texlive/texmf-dist/tex/generic/xypic/xyline.tex
 Xy-pic option: Line styles extension v.3.10
\xylinethick@=\dimen147
 loaded)
(/usr/share/texlive/texmf-dist/tex/generic/xypic/xyrotate.tex
 Xy-pic option: Rotate and Scale extension v.3.8 loaded)
(/usr/share/texlive/texmf-dist/tex/generic/xypic/xycolor.tex
 Xy-pic option: Colour extension v.3.11 loaded)
(/usr/share/texlive/texmf-dist/tex/generic/xypic/xymatrix.tex
 Xy-pic option: Matrix feature v.3.14
\Row=\count105
\Col=\count106
\queue@=\toks30
\queue@@=\toks31
\qcount@=\count107
\qcount@@=\count108
\matrixsize@=\count109
 loaded)
(/usr/share/texlive/texmf-dist/tex/generic/xypic/xyarrow.tex
 Xy-pic option: Arrow and Path feature v.3.9 path, \ar, loaded)
(/usr/share/texlive/texmf-dist/tex/generic/xypic/xygraph.tex
 Xy-pic option: Graph feature v.3.11 loaded) loaded)
(/usr/share/texlive/texmf-dist/tex/generic/xypic/xypdf.tex
 Xy-pic option: PDF driver v.1.7 Xy-pic pdf driver: `color' extension support
(/usr/share/texlive/texmf-dist/tex/generic/xypic/xypdf-co.tex loaded)
Xy-pic pdf driver: `curve' extension support
(/usr/share/texlive/texmf-dist/tex/generic/xypic/xypdf-cu.tex loaded)
Xy-pic pdf driver: `frame' extension support
(/usr/share/texlive/texmf-dist/tex/generic/xypic/xypdf-fr.tex loaded)
Xy-pic pdf driver: `line' extension support
(/usr/share/texlive/texmf-dist/tex/generic/xypic/xypdf-li.tex loaded)
Xy-pic pdf driver: `rotate' extension support
(/usr/share/texlive/texmf-dist/tex/generic/xypic/xypdf-ro.tex loaded) loaded))
(/usr/share/texlive/texmf-dist/tex/latex/hyperref/hyperref.sty
Package: hyperref 2012/11/06 v6.83m Hypertext links for LaTeX

(/usr/share/texlive/texmf-dist/tex/generic/oberdiek/hobsub-hyperref.sty
Package: hobsub-hyperref 2012/05/28 v1.13 Bundle oberdiek, subset hyperref (HO)


(/usr/share/texlive/texmf-dist/tex/generic/oberdiek/hobsub-generic.sty
Package: hobsub-generic 2012/05/28 v1.13 Bundle oberdiek, subset generic (HO)
Package: hobsub 2012/05/28 v1.13 Construct package bundles (HO)
Package hobsub Info: Skipping package `infwarerr' (already loaded).
Package hobsub Info: Skipping package `ltxcmds' (already loaded).
Package: ifluatex 2010/03/01 v1.3 Provides the ifluatex switch (HO)
Package ifluatex Info: LuaTeX not detected.
Package: ifvtex 2010/03/01 v1.5 Detect VTeX and its facilities (HO)
Package ifvtex Info: VTeX not detected.
Package: intcalc 2007/09/27 v1.1 Expandable calculations with integers (HO)
Package hobsub Info: Skipping package `ifpdf' (already loaded).
Package: etexcmds 2011/02/16 v1.5 Avoid name clashes with e-TeX commands (HO)
Package etexcmds Info: Could not find \expanded.
(etexcmds)             That can mean that you are not using pdfTeX 1.50 or
(etexcmds)             that some package has redefined \expanded.
(etexcmds)             In the latter case, load this package earlier.
Package: kvsetkeys 2012/04/25 v1.16 Key value parser (HO)
Package: kvdefinekeys 2011/04/07 v1.3 Define keys (HO)
Package: pdftexcmds 2011/11/29 v0.20 Utility functions of pdfTeX for LuaTeX (HO
)
Package pdftexcmds Info: LuaTeX not detected.
Package pdftexcmds Info: \pdf@primitive is available.
Package pdftexcmds Info: \pdf@ifprimitive is available.
Package pdftexcmds Info: \pdfdraftmode found.
Package: pdfescape 2011/11/25 v1.13 Implements pdfTeX's escape features (HO)
Package: bigintcalc 2012/04/08 v1.3 Expandable calculations on big integers (HO
)
Package: bitset 2011/01/30 v1.1 Handle bit-vector datatype (HO)
Package: uniquecounter 2011/01/30 v1.2 Provide unlimited unique counter (HO)
)
Package hobsub Info: Skipping package `hobsub' (already loaded).
Package: letltxmacro 2010/09/02 v1.4 Let assignment for LaTeX macros (HO)
Package: hopatch 2012/05/28 v1.2 Wrapper for package hooks (HO)
Package: xcolor-patch 2011/01/30 xcolor patch
Package: atveryend 2011/06/30 v1.8 Hooks at the very end of document (HO)
Package atveryend Info: \enddocument detected (standard20110627).
Package: atbegshi 2011/10/05 v1.16 At begin shipout hook (HO)
Package: refcount 2011/10/16 v3.4 Data extraction from label references (HO)
Package: hycolor 2011/01/30 v1.7 Color options for hyperref/bookmark (HO)
)
(/usr/share/texlive/texmf-dist/tex/latex/graphics/keyval.sty
Package: keyval 2014/10/28 v1.15 key=value parser (DPC)
\KV@toks@=\toks32
)
(/usr/share/texlive/texmf-dist/tex/generic/ifxetex/ifxetex.sty
Package: ifxetex 2010/09/12 v0.6 Provides ifxetex conditional
)
(/usr/share/texlive/texmf-dist/tex/latex/oberdiek/auxhook.sty
Package: auxhook 2011/03/04 v1.3 Hooks for auxiliary files (HO)
)
(/usr/share/texlive/texmf-dist/tex/latex/oberdiek/kvoptions.sty
Package: kvoptions 2011/06/30 v3.11 Key value format for package options (HO)
)
\@linkdim=\dimen148
\Hy@linkcounter=\count110
\Hy@pagecounter=\count111

(/usr/share/texlive/texmf-dist/tex/latex/hyperref/pd1enc.def
File: pd1enc.def 2012/11/06 v6.83m Hyperref: PDFDocEncoding definition (HO)
)
\Hy@SavedSpaceFactor=\count112

(/usr/share/texlive/texmf-dist/tex/latex/latexconfig/hyperref.cfg
File: hyperref.cfg 2002/06/06 v1.2 hyperref configuration of TeXLive
)
Package hyperref Info: Option `bookmarks' set `true' on input line 4319.
Package hyperref Info: Hyper figures OFF on input line 4443.
Package hyperref Info: Link nesting OFF on input line 4448.
Package hyperref Info: Hyper index ON on input line 4451.
Package hyperref Info: Plain pages OFF on input line 4458.
Package hyperref Info: Backreferencing OFF on input line 4463.
Package hyperref Info: Implicit mode ON; LaTeX internals redefined.
Package hyperref Info: Bookmarks ON on input line 4688.
\c@Hy@tempcnt=\count113

(/usr/share/texlive/texmf-dist/tex/latex/url/url.sty
\Urlmuskip=\muskip11
Package: url 2013/09/16  ver 3.4  Verb mode for urls, etc.
)
LaTeX Info: Redefining \url on input line 5041.
\XeTeXLinkMargin=\dimen149
\Fld@menulength=\count114
\Field@Width=\dimen150
\Fld@charsize=\dimen151
Package hyperref Info: Hyper figures OFF on input line 6295.
Package hyperref Info: Link nesting OFF on input line 6300.
Package hyperref Info: Hyper index ON on input line 6303.
Package hyperref Info: backreferencing OFF on input line 6310.
Package hyperref Info: Link coloring OFF on input line 6315.
Package hyperref Info: Link coloring with OCG OFF on input line 6320.
Package hyperref Info: PDF/A mode OFF on input line 6325.
LaTeX Info: Redefining \ref on input line 6365.
LaTeX Info: Redefining \pageref on input line 6369.
\Hy@abspage=\count115
\c@Item=\count116
\c@Hfootnote=\count117
)

Package hyperref Message: Driver: hpdftex.

(/usr/share/texlive/texmf-dist/tex/latex/hyperref/hpdftex.def
File: hpdftex.def 2012/11/06 v6.83m Hyperref driver for pdfTeX
\Fld@listcount=\count118
\c@bookmark@seq@number=\count119

(/usr/share/texlive/texmf-dist/tex/latex/oberdiek/rerunfilecheck.sty
Package: rerunfilecheck 2011/04/15 v1.7 Rerun checks for auxiliary files (HO)
Package uniquecounter Info: New unique counter `rerunfilecheck' on input line 2
82.
)
\Hy@SectionHShift=\skip51
)
(/usr/share/texlive/texmf-dist/tex/latex/geometry/geometry.sty
Package: geometry 2010/09/12 v5.6 Page Geometry
\Gm@cnth=\count120
\Gm@cntv=\count121
\c@Gm@tempcnt=\count122
\Gm@bindingoffset=\dimen152
\Gm@wd@mp=\dimen153
\Gm@odd@mp=\dimen154
\Gm@even@mp=\dimen155
\Gm@layoutwidth=\dimen156
\Gm@layoutheight=\dimen157
\Gm@layouthoffset=\dimen158
\Gm@layoutvoffset=\dimen159
\Gm@dimlist=\toks33
)
(/usr/share/texlive/texmf-dist/tex/latex/appendix/appendix.sty
Package: appendix 2009/09/02 v1.2b extra appendix facilities
\c@@pps=\count123
\c@@ppsavesec=\count124
\c@@ppsaveapp=\count125
)
\c@definition=\count126

(./Mult_Hitchin_selecta.aux)
\openout1 = `Mult_Hitchin_selecta.aux'.

LaTeX Font Info:    Checking defaults for OML/cmm/m/it on input line 123.
LaTeX Font Info:    ... okay on input line 123.
LaTeX Font Info:    Checking defaults for T1/cmr/m/n on input line 123.
LaTeX Font Info:    ... okay on input line 123.
LaTeX Font Info:    Checking defaults for OT1/cmr/m/n on input line 123.
LaTeX Font Info:    ... okay on input line 123.
LaTeX Font Info:    Checking defaults for OMS/cmsy/m/n on input line 123.
LaTeX Font Info:    ... okay on input line 123.
LaTeX Font Info:    Checking defaults for OMX/cmex/m/n on input line 123.
LaTeX Font Info:    ... okay on input line 123.
LaTeX Font Info:    Checking defaults for U/cmr/m/n on input line 123.
LaTeX Font Info:    ... okay on input line 123.
LaTeX Font Info:    Checking defaults for PD1/pdf/m/n on input line 123.
LaTeX Font Info:    ... okay on input line 123.
LaTeX Font Info:    Try loading font information for U+msa on input line 123.

(/usr/share/texlive/texmf-dist/tex/latex/amsfonts/umsa.fd
File: umsa.fd 2013/01/14 v3.01 AMS symbols A
)
LaTeX Font Info:    Try loading font information for U+msb on input line 123.

(/usr/share/texlive/texmf-dist/tex/latex/amsfonts/umsb.fd
File: umsb.fd 2013/01/14 v3.01 AMS symbols B
)
(/usr/share/texlive/texmf-dist/tex/context/base/supp-pdf.mkii
[Loading MPS to PDF converter (version 2006.09.02).]
\scratchcounter=\count127
\scratchdimen=\dimen160
\scratchbox=\box33
\nofMPsegments=\count128
\nofMParguments=\count129
\everyMPshowfont=\toks34
\MPscratchCnt=\count130
\MPscratchDim=\dimen161
\MPnumerator=\count131
\makeMPintoPDFobject=\count132
\everyMPtoPDFconversion=\toks35
)
Package xypdf Info: Line width: 0.43799pt on input line 123.
\AtBeginShipoutBox=\box34
Package hyperref Info: Link coloring OFF on input line 123.
 (/usr/share/texlive/texmf-dist/tex/latex/hyperref/nameref.sty
Package: nameref 2012/10/27 v2.43 Cross-referencing by name of section

(/usr/share/texlive/texmf-dist/tex/generic/oberdiek/gettitlestring.sty
Package: gettitlestring 2010/12/03 v1.4 Cleanup title references (HO)
)
\c@section@level=\count133
)
LaTeX Info: Redefining \ref on input line 123.
LaTeX Info: Redefining \pageref on input line 123.
LaTeX Info: Redefining \nameref on input line 123.

(./Mult_Hitchin_selecta.out) (./Mult_Hitchin_selecta.out)
\@outlinefile=\write4
\openout4 = `Mult_Hitchin_selecta.out'.


*geometry* driver: auto-detecting
*geometry* detected driver: pdftex
*geometry* verbose mode - [ preamble ] result:
* driver: pdftex
* paper: <default>
* layout: <same size as paper>
* layoutoffset:(h,v)=(0.0pt,0.0pt)
* modes: 
* h-part:(L,W,R)=(72.26999pt, 469.75502pt, 72.26999pt)
* v-part:(T,H,B)=(72.26999pt, 650.43001pt, 72.26999pt)
* \paperwidth=614.295pt
* \paperheight=794.96999pt
* \textwidth=355.65944pt
* \textheight=526.37598pt
* \oddsidemargin=0.0pt
* \evensidemargin=0.0pt
* \topmargin=-22.0pt
* \headheight=8.0pt
* \headsep=14.0pt
* \topskip=10.0pt
* \footskip=12.0pt
* \marginparwidth=90.0pt
* \marginparsep=11.0pt
* \columnsep=10.0pt
* \skip\footins=7.0pt plus 11.0pt
* \hoffset=0.0pt
* \voffset=0.0pt
* \mag=1000
* \@twocolumnfalse
* \@twosidefalse
* \@mparswitchfalse
* \@reversemarginfalse
* (1in=72.27pt=25.4mm, 1cm=28.453pt)


Class amsart Warning: Abstract should precede \maketitle in AMS document classe
s; reported on input line 126.

LaTeX Font Info:    Try loading font information for U+euf on input line 127.
(/usr/share/texlive/texmf-dist/tex/latex/amsfonts/ueuf.fd
File: ueuf.fd 2013/01/14 v3.01 Euler Fraktur
)
Overfull \hbox (1.6702pt too wide) in paragraph at lines 141--167
 \OT1/cmr/m/n/10.95 1.1.\OT1/cmr/bx/n/10.95 Multiplicative Higgs Bun-dles.[][] 
\OT1/cmr/m/n/10.95 We'll first de-scribe the mod-uli space
 []

[1{/var/lib/texmf/fonts/map/pdftex/updmap/pdftex.map}]
Overfull \hbox (12.9905pt too wide) in paragraph at lines 168--169
\OT1/cmr/m/it/10.95 bun-dles \OT1/cmr/m/n/10.95 on $\OML/cmm/m/it/10.95 C$ \OT1
/cmr/m/n/10.95 with pre-scribed sin-gu-lar-i-ties ly-ing at the points $\OML/cm
m/m/it/10.95 D \OT1/cmr/m/n/10.95 = \OMS/cmsy/m/n/10.95 f\OML/cmm/m/it/10.95 z[
]; [] ; z[]\OMS/cmsy/m/n/10.95 g$\OT1/cmr/m/n/10.95 ,
 []

[2]
Underfull \vbox (badness 10000) has occurred while \output is active []

 [3]
[4]
Overfull \hbox (18.66739pt too wide) in paragraph at lines 243--244
[][]\OT1/cmr/bx/n/10.95 Theorem 1.4 \OT1/cmr/m/n/10.95 (See The-o-rem []7.1[])\
OT1/cmr/bx/n/10.95 . []\OT1/cmr/m/n/10.95 The map $[][]([][]\OML/cmm/m/it/10.95
 ; D; ![]\OT1/cmr/m/n/10.95 ) \OMS/cmsy/m/n/10.95 ! \OML/cmm/m/it/10.95 G[]\OT1
/cmr/m/n/10.95 [[\OML/cmm/m/it/10.95 z[]\OT1/cmr/m/n/10.95 ]]$,
 []


Overfull \hbox (6.64417pt too wide) in paragraph at lines 243--244
\OMS/cmsy/m/n/10.95 O\OT1/cmr/m/n/10.95 (\OML/cmm/m/it/10.95 G[]\OT1/cmr/m/n/10
.95 [[\OML/cmm/m/it/10.95 z[]\OT1/cmr/m/n/10.95 ]])$ co-in-cides with the Pois-
son bracket on $\OMS/cmsy/m/n/10.95 O\OT1/cmr/m/n/10.95 ([][]([][]\OML/cmm/m/it
/10.95 ; D; ![]\OT1/cmr/m/n/10.95 ))$. 
 []

[5] [6]

Package hyperref Warning: Token not allowed in a PDF string (PDFDocEncoding):
(hyperref)                removing `math shift' on input line 297.


Package hyperref Warning: Token not allowed in a PDF string (PDFDocEncoding):
(hyperref)                removing `math shift' on input line 297.

[7] [8] [9]

Package hyperref Warning: Token not allowed in a PDF string (PDFDocEncoding):
(hyperref)                removing `math shift' on input line 331.


Package hyperref Warning: Token not allowed in a PDF string (PDFDocEncoding):
(hyperref)                removing `math shift' on input line 331.

[10]
Overfull \hbox (13.63815pt too wide) in paragraph at lines 375--376
[]\OT1/cmr/m/n/10.95 One can iden-tify $[][](\U/msb/m/n/10.95 B\OT1/cmr/m/n/10.
95 )$ with the dou-ble quo-tient stack $\OML/cmm/m/it/10.95 L[]G  \OMS/cmsy/m/n
/10.95 n  \OML/cmm/m/it/10.95 LG=L[]G$\OT1/cmr/m/n/10.95 ,
 []

[11]
Overfull \hbox (47.42097pt too wide) detected at line 394
\OML/cmm/m/it/10.95 q[][]\OT1/cmr/m/n/10.95 (\OML/cmm/m/it/10.95 C; D; \OMS/cms
y/m/n/10.95 ^^V \OML/cmm/m/it/10.95 ![]\OT1/cmr/m/n/10.95 ) = \OML/cmm/m/it/10.
95 q[][]\OT1/cmr/m/n/10.95 (\OML/cmm/m/it/10.95 C; D\OT1/cmr/m/n/10.95 ) \OMS/c
msy/m/n/10.95 ^^B[] [] \OML/cmm/m/it/10.95 :
 []

[12] [13] [14]
Underfull \vbox (badness 5431) has occurred while \output is active []

 [15]
<xymatrix 2x2 154> [16] [17] [18]
Overfull \hbox (23.19754pt too wide) in paragraph at lines 514--515
[][]\OT1/cmr/m/n/10.95 (\OML/cmm/m/it/10.95 C\OT1/cmr/m/n/10.95 ) \OMS/cmsy/m/n
/10.95 ^^B[] [][]\OT1/cmr/m/n/10.95 (\OML/cmm/m/it/10.95 C  \OMS/cmsy/m/n/10.95
 n  \OML/cmm/m/it/10.95 D\OT1/cmr/m/n/10.95 )$ where the map $\OML/cmm/m/it/10.
95 g [] []  [][]\OT1/cmr/m/n/10.95 (\OML/cmm/m/it/10.95 C\OT1/cmr/m/n/10.95 ) \
OMS/cmsy/m/n/10.95 ! [][]\OT1/cmr/m/n/10.95 (\OML/cmm/m/it/10.95 C  \OMS/cmsy/m
/n/10.95 n  \OML/cmm/m/it/10.95 D\OT1/cmr/m/n/10.95 )$
 []

<xymatrix 4x4 533> [19] [20] [21] [22]
Overfull \hbox (6.11255pt too wide) in paragraph at lines 585--587
\OT1/cmr/m/n/10.95 where $\OML/cmm/m/it/10.95 V$ \OT1/cmr/m/n/10.95 is the five
-dimensional defin-ing rep-re-sen-ta-tion of $[](5; \U/msb/m/n/10.95 C\OT1/cmr/
m/n/10.95 ) [] [](4; \U/msb/m/n/10.95 C\OT1/cmr/m/n/10.95 )$,
 []


Overfull \hbox (10.18242pt too wide) in paragraph at lines 585--587
\OT1/cmr/m/n/10.95 there's a unique non-trivial way of defin-ing an ad-di-tiona
l bracket $^^@ [] []  [][](\OML/cmm/m/it/10.95 S \OMS/cmsy/m/n/10.95 

 []


Overfull \hbox (5.18263pt too wide) detected at line 589
\U/euf/m/n/10.95 A[] \OT1/cmr/m/n/10.95 = ([](4; \U/msb/m/n/10.95 C\OT1/cmr/m/n
/10.95 ) \OMS/cmsy/m/n/10.95 ^^H []\OT1/cmr/m/n/10.95 (2\OML/cmm/m/it/10.95 k[]
\OT1/cmr/m/n/10.95 ; \U/msb/m/n/10.95 C\OT1/cmr/m/n/10.95 )[] \OMS/cmsy/m/n/10.
95 ^^H []\OT1/cmr/m/n/10.95 (2\OML/cmm/m/it/10.95 k[]\OT1/cmr/m/n/10.95 ; \U/ms
b/m/n/10.95 C\OT1/cmr/m/n/10.95 )[] \OMS/cmsy/m/n/10.95 ^^H \OML/cmm/m/it/10.95
 V\OT1/cmr/m/n/10.95 ) \OMS/cmsy/m/n/10.95 ^^H \OT1/cmr/m/n/10.95 ^^E(\OML/cmm/
m/it/10.95 S[] \OMS/cmsy/m/n/10.95 
 \OML/cmm/m/it/10.95 W[] \OMS/cmsy/m/n/10.95 ^^H \OML/cmm/m/it/10.95 S[] \OMS/c
msy/m/n/10.95 
 \OML/cmm/m/it/10.95 W[]\OT1/cmr/m/n/10.95 )\OML/cmm/m/it/10.95 ;
 []

[23] [24] [25] [26] [27] [28]
Overfull \hbox (55.3595pt too wide) in paragraph at lines 686--687
\OT1/cmr/m/n/10.95 crete. In each case, by ``B-branes'' we'll just mean the cat
-e-gory $[](\OML/cmm/m/it/10.95 q[][]\OT1/cmr/m/n/10.95 (\OML/cmm/m/it/10.95 C;
 D; ![]\OT1/cmr/m/n/10.95 ))$
 []


Overfull \hbox (2.92816pt too wide) in paragraph at lines 686--687
\OT1/cmr/m/n/10.95 of co-her-ent sheaves. By ``A-branes'' we'll mean some ver-s
ion of $\OML/cmm/m/it/10.95 q[]$\OT1/cmr/m/it/10.95 -difference
 []

[29] [30] <xymatrix 2x2 182> [31] [32] [33]
Overfull \hbox (3.06961pt too wide) in paragraph at lines 817--819
\OT1/cmr/m/n/10.95 the holo-mor-phic bun-dle $\OML/cmm/m/it/10.95 P \OT1/cmr/m/
n/10.95 = ([][])\OMS/cmsy/m/n/10.95 j[]$ \OT1/cmr/m/n/10.95 with $\OML/cmm/m/it
/10.95 q$\OT1/cmr/m/n/10.95 -connection $\OML/cmm/m/it/10.95 g \OT1/cmr/m/n/10.
95 = [][](\OMS/cmsy/m/n/10.95 A\OT1/cmr/m/n/10.95 ) [] [] \OML/cmm/m/it/10.95 P
 \OMS/cmsy/m/n/10.95 !
 []

[34] [35]
Overfull \hbox (9.82803pt too wide) in paragraph at lines 845--847
\OT1/cmr/m/n/10.95 where $\OMS/cmsy/m/n/10.95 G$ \OT1/cmr/m/n/10.95 is the grou
p of gauge trans-for-ma-tions of $[]$ and $\OML/cmm/m/it/10.95 ^^V [] [] \OMS/c
msy/m/n/10.95 V ! \OT1/cmr/m/n/10.95 
[](\OML/cmm/m/it/10.95 M\OT1/cmr/m/n/10.95 ; (\U/euf/m/n/10.95 g[]\OT1/cmr/m/n/
10.95 )[])$
 []

<xymatrix 3x1 98>
Overfull \hbox (102.46281pt too wide) detected at line 851
[] \OMS/cmsy/m/n/10.95 
[] \U/msb/m/n/10.95 C
 []

[36] [37]
Overfull \hbox (45.95827pt too wide) in paragraph at lines 901--902
[][]\OT1/cmr/bx/n/10.95 Proposition 4.17 \OT1/cmr/m/n/10.95 ([[], Propo-si-tion
 3.1.3])\OT1/cmr/bx/n/10.95 . []\OT1/cmr/m/n/10.95 The tan-gent space of $[][](
\OML/cmm/m/it/10.95 C; D; ![]\OT1/cmr/m/n/10.95 )$
 []


Overfull \hbox (8.09927pt too wide) in paragraph at lines 909--910
[][]\OT1/cmr/bx/n/10.95 Corollary 4.19. []\OT1/cmr/m/n/10.95 In the ra-tio-nal 
case, the mod-uli space $[][]([][]\OML/cmm/m/it/10.95 ; D; ![]\OT1/cmr/m/n/10.9
5 )$
 []


Overfull \hbox (7.14037pt too wide) in paragraph at lines 917--918
\OT1/cmr/m/n/10.95 de-scrip-tion on the mono-pole side. We de-fine a cover $\OM
S/cmsy/m/n/10.95 U \OT1/cmr/m/n/10.95 = \OMS/cmsy/m/n/10.95 f\OML/cmm/m/it/10.9
5 U[]; U[]; [] ; U[]; U[]\OMS/cmsy/m/n/10.95 g$
 []

[38] [39]
Overfull \hbox (34.48302pt too wide) in paragraph at lines 941--942
[]\OT1/cmr/m/n/10.95 Explicitly a 0-cochain in this []Cech com-plex is given by
 $(\OML/cmm/m/it/10.95 []; \OMS/cmsy/m/n/10.95 f\OML/cmm/m/it/10.95 []\OMS/cm
sy/m/n/10.95 g\OML/cmm/m/it/10.95 ; []; ^^L[]; \OMS/cmsy/m/n/10.95 f\OML/cmm/m
/it/10.95 ^^L[]\OMS/cmsy/m/n/10.95 g\OT1/cmr/m/n/10.95 )$
 []


Overfull \hbox (7.18015pt too wide) in paragraph at lines 954--955
[][]\OT1/cmr/bx/n/10.95 Proposition 4.20. []\OT1/cmr/m/n/10.95 The de-riv-a-tiv
e $d\OML/cmm/m/it/10.95 H [] [] \U/msb/m/n/10.95 H[]\OT1/cmr/m/n/10.95 (\OML/cm
m/m/it/10.95 U[] \OMS/cmsy/m/n/10.95 ^^B \OML/cmm/m/it/10.95 S[]\OT1/cmr/m/n/10
.95 ; \OMS/cmsy/m/n/10.95 F[]\OT1/cmr/m/n/10.95 ) \OMS/cmsy/m/n/10.95 ! \U/msb/
m/n/10.95 H[]\OT1/cmr/m/n/10.95 (\U/msb/m/n/10.95 D[]\OT1/cmr/m/n/10.95 ; \OMS/
cmsy/m/n/10.95 F[]\OT1/cmr/m/n/10.95 )$
 []


Package hyperref Warning: Token not allowed in a PDF string (PDFDocEncoding):
(hyperref)                removing `math shift' on input line 966.


Package hyperref Warning: Token not allowed in a PDF string (PDFDocEncoding):
(hyperref)                removing `subscript' on input line 966.


Package hyperref Warning: Token not allowed in a PDF string (PDFDocEncoding):
(hyperref)                removing `math shift' on input line 966.

[40]
Overfull \hbox (12.79968pt too wide) detected at line 1008
\OML/cmm/m/it/10.95 a\OT1/cmr/m/n/10.95 (\OML/cmm/m/it/10.95 z\OT1/cmr/m/n/10.9
5 ) = []\OML/cmm/m/it/10.95 ;  b\OT1/cmr/m/n/10.95 (\OML/cmm/m/it/10.95 z\OT1/c
mr/m/n/10.95 ) = []\OML/cmm/m/it/10.95 ;  c\OT1/cmr/m/n/10.95 (\OML/cmm/m/it/10
.95 z\OT1/cmr/m/n/10.95 ) = []\OML/cmm/m/it/10.95 ;  d\OT1/cmr/m/n/10.95 (\OML/
cmm/m/it/10.95 z\OT1/cmr/m/n/10.95 ) = []\OML/cmm/m/it/10.95 ;
 []

[41] [42]

Package hyperref Warning: Token not allowed in a PDF string (PDFDocEncoding):
(hyperref)                removing `math shift' on input line 1080.


Package hyperref Warning: Token not allowed in a PDF string (PDFDocEncoding):
(hyperref)                removing `math shift' on input line 1080.

[43]
Overfull \hbox (121.32446pt too wide) detected at line 1096
\OML/cmm/m/it/10.95 !\OT1/cmr/m/n/10.95 ((\OMS/cmsy/m/n/10.95 f\OML/cmm/m/it/10
.95 []\OMS/cmsy/m/n/10.95 g\OML/cmm/m/it/10.95 ; \OMS/cmsy/m/n/10.95 f\OML/cmm
/m/it/10.95 ^^L[]\OMS/cmsy/m/n/10.95 g\OT1/cmr/m/n/10.95 )\OML/cmm/m/it/10.95 ;
 \OT1/cmr/m/n/10.95 (\OMS/cmsy/m/n/10.95 f\OML/cmm/m/it/10.95 []\OMS/cmsy/m/n/
10.95 g\OML/cmm/m/it/10.95 ; \OMS/cmsy/m/n/10.95 f\OML/cmm/m/it/10.95 ^^L[]\OMS
/cmsy/m/n/10.95 g\OT1/cmr/m/n/10.95 )) = [] []\OMS/cmsy/m/n/10.95 h\OML/cmm/m/i
t/10.95 ^^Z[]\OT1/cmr/m/n/10.95 (\OML/cmm/m/it/10.95 [] \OT1/cmr/m/n/10.95 + \
OML/cmm/m/it/10.95 []\OT1/cmr/m/n/10.95 )\OMS/cmsy/m/n/10.95 j[]\OML/cmm/m/it/
10.95 ; ^^Z[]\OT1/cmr/m/n/10.95 ([][])[](\OML/cmm/m/it/10.95 ^^L[]\OT1/cmr/m/n/
10.95 )\OMS/cmsy/m/n/10.95 i ^^@ h\OML/cmm/m/it/10.95 ^^Z[]\OT1/cmr/m/n/10.95 (
\OML/cmm/m/it/10.95 [] \OT1/cmr/m/n/10.95 + \OML/cmm/m/it/10.95 []\OT1/cmr/m/
n/10.95 )\OMS/cmsy/m/n/10.95 j[]\OML/cmm/m/it/10.95 ; ^^Z[]\OT1/cmr/m/n/10.95 (
[][])[](\OML/cmm/m/it/10.95 ^^L[]\OT1/cmr/m/n/10.95 )\OMS/cmsy/m/n/10.95 i\OML/
cmm/m/it/10.95 ;
 []

<xymatrix 3x2 292> [44] [45] [46]
Overfull \hbox (2.7632pt too wide) in paragraph at lines 1152--1153
\OT1/cmr/m/n/10.95 It's given by the in-verse of the op-er-a-tor $[][][][]$ whi
ch sends a pair $(\OML/cmm/m/it/10.95 b[]; b[]\OT1/cmr/m/n/10.95 ) \OMS/cmsy/m/
n/10.95 2
 []

[47]
Overfull \hbox (76.18735pt too wide) in paragraph at lines 1182--1183
[]\OT1/cmr/m/n/10.95 On the other hand, we can eval-u-ate the pair-ing $\OML/cm
m/m/it/10.95 ![]\OT1/cmr/m/n/10.95 (\OML/cmm/m/it/10.95 []; []\OT1/cmr/m/n/10
.95 ) = \OML/cmm/m/it/10.95 ![]\OT1/cmr/m/n/10.95 (d[](\OML/cmm/m/it/10.95 b[]\
OT1/cmr/m/n/10.95 )\OML/cmm/m/it/10.95 ; \OT1/cmr/m/n/10.95 d[](\OML/cmm/m/it/1
0.95 b[]\OT1/cmr/m/n/10.95 ))$
 []


Overfull \hbox (8.24202pt too wide) in paragraph at lines 1191--1191
[] 
 []

[48] [49]
Overfull \hbox (22.71173pt too wide) in paragraph at lines 1217--1218
[]\OT1/cmr/m/n/10.95 This is an in-stance of hy-perk^^?ahler re-duc-tion. In-de
ed the infinite-dimensional
 []


Overfull \hbox (57.5172pt too wide) detected at line 1218
\OML/cmm/m/it/10.95 ![]\OT1/cmr/m/n/10.95 ((\OML/cmm/m/it/10.95 A; \OT1/cmr/m/n
/10.95 ^^H)\OML/cmm/m/it/10.95 ; \OT1/cmr/m/n/10.95 (\OML/cmm/m/it/10.95 A[]; \
OT1/cmr/m/n/10.95 ^^H[])) = [][] [] d\OML/cmm/m/it/10.95 x\OT1/cmr/m/n/10.95 d\
OML/cmm/m/it/10.95 y\OT1/cmr/m/n/10.95 d\OML/cmm/m/it/10.95 t;
 []

[50] [51] [52]
Overfull \hbox (8.8608pt too wide) detected at line 1263
\OML/cmm/m/it/10.95 R []
 []

[53] [54] [55] [56]
Overfull \hbox (88.6415pt too wide) in paragraph at lines 1336--1337
[]\OT1/cmr/m/n/10.95 Likewise, we can study de-for-ma-tion quan-ti-za-tion for 
the al-ge-bra $\OMS/cmsy/m/n/10.95 O\OT1/cmr/m/n/10.95 ([][]([][]\OML/cmm/m/it/
10.95 ; D; ![]\OT1/cmr/m/n/10.95 ))$
 []


Overfull \hbox (11.19722pt too wide) in paragraph at lines 1339--1340
[][]\OT1/cmr/bx/n/10.95 Definition 7.4. []\OT1/cmr/m/n/10.95 The quan-tum al-ge
-bra of func-tions $\OMS/cmsy/m/n/10.95 O[]\OT1/cmr/m/n/10.95 ([][]([][]\OML/cm
m/m/it/10.95 ; D; ![]\OT1/cmr/m/n/10.95 ))$
 []


Overfull \hbox (54.65427pt too wide) in paragraph at lines 1339--1340
\OT1/cmr/m/n/10.95 is a choice of de-for-ma-tion quan-ti-za-tion of the Pois-so
n al-ge-bra $\OMS/cmsy/m/n/10.95 O\OT1/cmr/m/n/10.95 ([][]([][]\OML/cmm/m/it/10
.95 ; D; ![]\OT1/cmr/m/n/10.95 ))$.
 []


Overfull \hbox (2.4288pt too wide) in paragraph at lines 1342--1343
\OMS/cmsy/m/n/10.95 O\OT1/cmr/m/n/10.95 ([][]([][]\OML/cmm/m/it/10.95 ; D; ![]\
OT1/cmr/m/n/10.95 ))$ there's no au-to-matic guar-an-tee that we can choose
 []

[57] [58] [59]

Package hyperref Warning: Token not allowed in a PDF string (PDFDocEncoding):
(hyperref)                removing `math shift' on input line 1372.


Package hyperref Warning: Token not allowed in a PDF string (PDFDocEncoding):
(hyperref)                removing `math shift' on input line 1372.


Package hyperref Warning: Token not allowed in a PDF string (PDFDocEncoding):
(hyperref)                removing `math shift' on input line 1372.


Package hyperref Warning: Token not allowed in a PDF string (PDFDocEncoding):
(hyperref)                removing `math shift' on input line 1372.


Overfull \hbox (1.53232pt too wide) in paragraph at lines 1391--1392
\OT1/cmr/m/n/10.95 map $\OML/cmm/m/it/10.95 ^^Y$ \OT1/cmr/m/n/10.95 af-ter re-s
trict-ing to the con-nected com-po-nent in $[][]([][]\OML/cmm/m/it/10.95 ; D; !
[]\OT1/cmr/m/n/10.95 )$
 []

[60]
Overfull \hbox (82.50328pt too wide) in paragraph at lines 1396--1397
\OT1/cmr/m/n/10.95 abu-sively iden-tify $\OML/cmm/m/it/10.95 g\OT1/cmr/m/n/10.9
5 (\OML/cmm/m/it/10.95 z\OT1/cmr/m/n/10.95 )$ with its im-age un-der the re-str
ic-tion map $\OML/cmm/m/it/10.95 r[] [] []  [][]\OT1/cmr/m/n/10.95 ([][]\OML/cm
m/m/it/10.95 ; D; ![]\OT1/cmr/m/n/10.95 ) \OMS/cmsy/m/n/10.95 !
 []

[61] [62]
Overfull \hbox (33.04947pt too wide) in paragraph at lines 1460--1461
[]\OT1/cmr/m/n/10.95 For any $\OML/cmm/m/it/10.95 q$\OT1/cmr/m/n/10.95 , ev-ery
 el-e-ment of $\OML/cmm/m/it/10.95 g\OT1/cmr/m/n/10.95 (\OML/cmm/m/it/10.95 z\O
T1/cmr/m/n/10.95 )$ of $[][]([][]\OML/cmm/m/it/10.95 ; D; ![]\OT1/cmr/m/n/10.95
 )$
 []


Overfull \hbox (22.11748pt too wide) in paragraph at lines 1464--1465
\OT1/cmr/m/n/10.95 mor-phism onto the space of lin-ear func-tion-als $\OMS/cmsy
/m/n/10.95 B\OT1/cmr/m/n/10.95 (\OML/cmm/m/it/10.95 D; ![]\OT1/cmr/m/n/10.95 )[
] \OMS/cmsy/m/n/10.95 ^^R O\OT1/cmr/m/n/10.95 (\OMS/cmsy/m/n/10.95 B\OT1/cmr/m/
n/10.95 (\OML/cmm/m/it/10.95 D; ![]\OT1/cmr/m/n/10.95 ))$. 
 []

[63] [64]
Overfull \hbox (8.8248pt too wide) in paragraph at lines 1525--1526
[][]\OT1/cmr/bx/n/10.95 Remark 8.10. []\OT1/cmr/m/n/10.95 Af-ter tri-an-gu-lar-
iz-ing, an el-e-ment of the mul-ti-plica-tive Hitchin
 []

[65]

Package hyperref Warning: Token not allowed in a PDF string (PDFDocEncoding):
(hyperref)                removing `math shift' on input line 1539.


Package hyperref Warning: Token not allowed in a PDF string (PDFDocEncoding):
(hyperref)                removing `math shift' on input line 1539.


Package hyperref Warning: Token not allowed in a PDF string (PDFDocEncoding):
(hyperref)                removing `math shift' on input line 1539.


Package hyperref Warning: Token not allowed in a PDF string (PDFDocEncoding):
(hyperref)                removing `math shift' on input line 1539.

[66]
Overfull \hbox (143.82321pt too wide) in paragraph at lines 1584--1584
[] 
 []


Underfull \vbox (badness 7064) has occurred while \output is active []

 [67]
Overfull \hbox (144.32002pt too wide) in paragraph at lines 1604--1604
[] 
 []

[68]
Overfull \hbox (10.85956pt too wide) in paragraph at lines 1614--1615
[]\OT1/cmr/m/n/10.95 The for-mu-lae for these $\OML/cmm/m/it/10.95 t[]\OT1/cmr/
m/n/10.95 (\OML/cmm/m/it/10.95 z\OT1/cmr/m/n/10.95 )$ match the for-mu-lae for 
$\OML/cmm/m/it/10.95 p$\OT1/cmr/m/n/10.95 -twisted $\OML/cmm/m/it/10.95 q$\OT1/
cmr/m/n/10.95 -characters
 []

(./Mult_Hitchin_selecta.bbl
Underfull \hbox (badness 1303) in paragraph at lines 27--31
[]\OT1/cmr/m/n/9 Gleb Aru-tyunov, Sergey Frolov, and Pe-ter Medvedev. El-lip-ti
c Ruijsenaars-
 []


Underfull \hbox (badness 1303) in paragraph at lines 33--37
[]\OT1/cmr/m/n/9 Gleb Aru-tyunov, Sergey Frolov, and Pe-ter Medvedev. El-lip-ti
c Ruijsenaars-
 []

[69]
Missing character: There is no â in font cmr9!
Missing character: There is no € in font cmr9!
Missing character: There is no ™ in font cmr9!

Underfull \hbox (badness 6893) in paragraph at lines 78--82
[]\OT1/cmr/m/n/9 Alexis Bouthier. La fi-bra-tion de Hitchin-Frenkel-Ng^o et son
 com-plexe
 []


Underfull \hbox (badness 4779) in paragraph at lines 120--124
[]\OT1/cmr/m/n/9 Beno^^^Pt Char-bon-neau and Jacques Hur-tubise. Sin-gu-lar Her
mitian-Einstein
 []


Underfull \hbox (badness 2221) in paragraph at lines 148--151
[]\OT1/cmr/m/n/9 Sergey Cherkis and An-ton Ka-pustin. Hyper-K^^?ahler met-rics 
from pe-ri-odic
 []


Underfull \vbox (badness 10000) has occurred while \output is active []

 [70]
Underfull \vbox (badness 10000) has occurred while \output is active []

 [71]
Underfull \vbox (badness 10000) has occurred while \output is active []

 [72]
Underfull \hbox (badness 6859) in paragraph at lines 450--456
[]\OT1/cmr/m/n/9 Nikita Nekrasov. Open-closed (lit-tle) string du-al-ity and Ch
ern-Simons-
 []


Underfull \hbox (badness 10000) in paragraph at lines 450--456
\OT1/cmr/m/n/9 2017, []$\OT1/cmtt/m/n/9 https : / / stringmath2017 . desy . de 
/ sites / sites _ conferences / site _
 []


Underfull \vbox (badness 10000) has occurred while \output is active []

 [73]
Underfull \hbox (badness 5954) in paragraph at lines 493--498
[]\OT1/cmr/m/n/9 Vasily Pes-tun. Pe-ri-odic Monopoles and qOp-ers. 2017. Lec-tu
re, String-
 []


Underfull \hbox (badness 5652) in paragraph at lines 493--498
\OT1/cmr/m/n/9 Math, Ham-burg, 28 July 2017, []$\OT1/cmtt/m/n/9 https : / / str
ingmath2017 . desy . de / sites /
 []


Underfull \hbox (badness 10000) in paragraph at lines 493--498
\OT1/cmtt/m/n/9 sites _ conferences / site _ stringmath2017 / content / e45470 
/ e56510 / e56567 /
 []


Underfull \hbox (badness 5203) in paragraph at lines 545--548
[]\OT1/cmr/m/n/9 Benjamin H Smith. Sin-gu-lar $\OML/cmm/m/it/9 G$\OT1/cmr/m/n/9
 -monopoles on $\OML/cmm/m/it/9 S[] \OMS/cmsy/m/n/9 ^^B \OT1/cmr/m/n/9 ^^F$. \O
T1/cmr/m/it/9 arXiv preprint
 []


Underfull \hbox (badness 3635) in paragraph at lines 575--578
[]\OT1/cmr/m/n/9 Edward Wit-ten. Topo-log-i-cal quan-tum field the-ory. \OT1/cm
r/m/it/9 Comm. Math. Phys.\OT1/cmr/m/n/9 ,
 []


Underfull \vbox (badness 10000) has occurred while \output is active []

 [74])
Package atveryend Info: Empty hook `BeforeClearDocument' on input line 1627.

[75]
Package atveryend Info: Empty hook `AfterLastShipout' on input line 1627.
 (./Mult_Hitchin_selecta.aux)
Package atveryend Info: Executing hook `AtVeryEndDocument' on input line 1627.
Package atveryend Info: Executing hook `AtEndAfterFileList' on input line 1627.

Package rerunfilecheck Info: File `Mult_Hitchin_selecta.out' has not changed.
(rerunfilecheck)             Checksum: 0B0CE162AAF04F01E88FF06BF1780D81;2069.
Package atveryend Info: Empty hook `AtVeryVeryEnd' on input line 1627.
 ) 
Here is how much of TeX's memory you used:
 10281 strings out of 494910
 138913 string characters out of 6179835
 286248 words of memory out of 5000000
 12939 multiletter control sequences out of 15000+600000
 17505 words of font info for 70 fonts, out of 8000000 for 9000
 197 hyphenation exceptions out of 8191
 34i,19n,32p,3301b,497s stack positions out of 5000i,500n,10000p,200000b,80000s
pdfTeX warning (dest): name{definition.8.8} has been referenced but does not 
exist, replaced by a fixed one

</usr/share/texlive/texmf-dist/fonts/type1/public/amsfonts/cm/cmbx10.pfb></usr/
share/texlive/texmf-dist/fonts/type1/public/amsfonts/cm/cmcsc10.pfb></usr/share
/texlive/texmf-dist/fonts/type1/public/amsfonts/cm/cmex10.pfb></usr/share/texli
ve/texmf-dist/fonts/type1/public/amsfonts/cmextra/cmex8.pfb></usr/share/texlive
/texmf-dist/fonts/type1/public/amsfonts/cm/cmmi10.pfb></usr/share/texlive/texmf
-dist/fonts/type1/public/amsfonts/cm/cmmi6.pfb></usr/share/texlive/texmf-dist/f
onts/type1/public/amsfonts/cm/cmmi8.pfb></usr/share/texlive/texmf-dist/fonts/ty
pe1/public/amsfonts/cm/cmmi9.pfb></usr/share/texlive/texmf-dist/fonts/type1/pub
lic/amsfonts/cm/cmmib10.pfb></usr/share/texlive/texmf-dist/fonts/type1/public/a
msfonts/cmextra/cmmib8.pfb></usr/share/texlive/texmf-dist/fonts/type1/public/am
sfonts/cm/cmr10.pfb></usr/share/texlive/texmf-dist/fonts/type1/public/amsfonts/
cm/cmr6.pfb></usr/share/texlive/texmf-dist/fonts/type1/public/amsfonts/cm/cmr8.
pfb></usr/share/texlive/texmf-dist/fonts/type1/public/amsfonts/cm/cmr9.pfb></us
r/share/texlive/texmf-dist/fonts/type1/public/amsfonts/cm/cmsy10.pfb></usr/shar
e/texlive/texmf-dist/fonts/type1/public/amsfonts/cm/cmsy6.pfb></usr/share/texli
ve/texmf-dist/fonts/type1/public/amsfonts/cm/cmsy8.pfb></usr/share/texlive/texm
f-dist/fonts/type1/public/amsfonts/cm/cmsy9.pfb></usr/share/texlive/texmf-dist/
fonts/type1/public/amsfonts/cm/cmti10.pfb></usr/share/texlive/texmf-dist/fonts/
type1/public/amsfonts/cm/cmti9.pfb></usr/share/texlive/texmf-dist/fonts/type1/p
ublic/amsfonts/cm/cmtt10.pfb></usr/share/texlive/texmf-dist/fonts/type1/public/
amsfonts/cm/cmtt9.pfb></usr/share/texlive/texmf-dist/fonts/type1/public/amsfont
s/euler/eufm10.pfb></usr/share/texlive/texmf-dist/fonts/type1/public/amsfonts/s
ymbols/msam10.pfb></usr/share/texlive/texmf-dist/fonts/type1/public/amsfonts/sy
mbols/msbm10.pfb></usr/share/texlive/texmf-dist/fonts/type1/public/amsfonts/sym
bols/msbm7.pfb></usr/share/texlive/texmf-dist/fonts/type1/public/xypic/xycmat10
.pfb></usr/share/texlive/texmf-dist/fonts/type1/public/xypic/xycmbt10.pfb>
Output written on Mult_Hitchin_selecta.pdf (75 pages, 619979 bytes).
PDF statistics:
 1144 PDF objects out of 1200 (max. 8388607)
 1028 compressed objects within 11 object streams
 335 named destinations out of 1000 (max. 500000)
 217 words of extra memory for PDF output out of 10000 (max. 10000000)

