\BOOKMARK [1][-]{section.1}{1. Introduction}{}% 1
\BOOKMARK [2][-]{subsection.1.1}{1.1. Multiplicative Higgs Bundles}{section.1}% 2
\BOOKMARK [2][-]{subsection.1.2}{1.2. Moduli Space of Monopoles}{section.1}% 3
\BOOKMARK [2][-]{subsection.1.3}{1.3. Poisson-Lie Groups}{section.1}% 4
\BOOKMARK [2][-]{subsection.1.4}{1.4. Moduli Spaces in Supersymmetric Gauge Theory}{section.1}% 5
\BOOKMARK [2][-]{subsection.1.5}{1.5. Multiplicative q-Geometric Langlands Correspondence}{section.1}% 6
\BOOKMARK [2][-]{subsection.1.6}{1.6. Outline of the Paper}{section.1}% 7
\BOOKMARK [2][-]{subsection.1.7}{1.7. Acknowledgements}{section.1}% 8
\BOOKMARK [1][-]{section.2}{2. Multiplicative Higgs Bundles and q-Connections}{}% 9
\BOOKMARK [2][-]{subsection.2.1}{2.1. Local Conditions at the Singurities}{section.2}% 10
\BOOKMARK [2][-]{subsection.2.2}{2.2. The Multiplicative Hitchin System}{section.2}% 11
\BOOKMARK [2][-]{subsection.2.3}{2.3. Stability Conditions}{section.2}% 12
\BOOKMARK [2][-]{subsection.2.4}{2.4. Poisson Structures from Derived Geometry}{section.2}% 13
\BOOKMARK [1][-]{section.3}{3. Twisted Gauge Theory}{}% 14
\BOOKMARK [2][-]{subsection.3.1}{3.1. Background on Supersymmetry and Twisting}{section.3}% 15
\BOOKMARK [2][-]{subsection.3.2}{3.2. Description of the Twist}{section.3}% 16
\BOOKMARK [2][-]{subsection.3.3}{3.3. Langlands Duality}{section.3}% 17
\BOOKMARK [1][-]{section.4}{4. Periodic Monopoles}{}% 18
\BOOKMARK [2][-]{subsection.4.1}{4.1. Deformation Theory}{section.4}% 19
\BOOKMARK [1][-]{section.5}{5. Symplectic Structures}{}% 20
\BOOKMARK [2][-]{subsection.5.1}{5.1. An Example with G=GL2}{section.5}% 21
\BOOKMARK [2][-]{subsection.5.2}{5.2. Symplectic Structures for General G}{section.5}% 22
\BOOKMARK [1][-]{section.6}{6. Hyperk\344hler Structures}{}% 23
\BOOKMARK [1][-]{section.7}{7. The Rational Poisson Lie Group and the Yangian}{}% 24
\BOOKMARK [1][-]{section.8}{8. q-Opers and q-Characters}{}% 25
\BOOKMARK [1][-]{appendix.A}{Appendix A. q-Character Calculations for G=SO\(8\)}{}% 26
